======================================
======================================
======================================
21.08.2018 14:25:55: note1=293
21.08.2018 14:25:55: note2=def
21.08.2018 14:25:55: action=upload
======================================
======= FILES ========================
21.08.2018 14:25:55: name=p1_1534854284599.jpg
21.08.2018 14:25:55: type=application/octet-stream
21.08.2018 14:25:55: tmp_name=C:\xampp\tmp\phpAC07.tmp
21.08.2018 14:25:55: error=0
21.08.2018 14:25:55: size=88229
21.08.2018 14:25:55: Upload of "Aufnahme"
21.08.2018 14:25:55: MoveUploadedFile(p1_1534854284599.jpg)
21.08.2018 14:25:55: ->moving p1_1534854284599.jpg successfull
21.08.2018 14:25:55: name=p1_1534854284599.jpg
21.08.2018 14:25:55: type=application/octet-stream
21.08.2018 14:25:55: tmp_name=C:\xampp\tmp\phpAC07.tmp
21.08.2018 14:25:55: error=0
21.08.2018 14:25:55: size=88229
21.08.2018 14:25:55: name=p2_1534854284599.jpg
21.08.2018 14:25:55: type=application/octet-stream
21.08.2018 14:25:55: tmp_name=C:\xampp\tmp\phpAC18.tmp
21.08.2018 14:25:55: error=0
21.08.2018 14:25:55: size=106637
21.08.2018 14:25:55: Upload of "coca_cola"
21.08.2018 14:25:55: MoveUploadedFile(p2_1534854284599.jpg)
21.08.2018 14:25:55: ->moving p2_1534854284599.jpg successfull
21.08.2018 14:25:55: name=p2_1534854284599.jpg
21.08.2018 14:25:55: type=application/octet-stream
21.08.2018 14:25:55: tmp_name=C:\xampp\tmp\phpAC18.tmp
21.08.2018 14:25:55: error=0
21.08.2018 14:25:55: size=106637
21.08.2018 14:25:55: name=v_1534854284599.mp4
21.08.2018 14:25:55: type=
21.08.2018 14:25:55: tmp_name=
21.08.2018 14:25:55: error=1
21.08.2018 14:25:55: size=0
21.08.2018 14:25:55: Upload of "ciucangkol"
21.08.2018 14:25:55: MoveUploadedFile(v_1534854284599.mp4)
21.08.2018 14:25:55:->moving v_1534854284599.mp4 NOT successfull
21.08.2018 14:25:55: name=v_1534854284599.mp4
21.08.2018 14:25:55: type=
21.08.2018 14:25:55: tmp_name=
21.08.2018 14:25:55: error=1
21.08.2018 14:25:55: size=0
======================================
======================================
======================================
======================================
21.08.2018 14:30:10: note1=295
21.08.2018 14:30:10: note2=def
21.08.2018 14:30:10: action=upload
======================================
======= FILES ========================
21.08.2018 14:30:10: name=p1_1534854284599.jpg
21.08.2018 14:30:10: type=application/octet-stream
21.08.2018 14:30:10: tmp_name=C:\xampp\tmp\php82D6.tmp
21.08.2018 14:30:10: error=0
21.08.2018 14:30:10: size=103455
21.08.2018 14:30:10: Upload of "Aufnahme"
21.08.2018 14:30:10: MoveUploadedFile(p1_1534854284599.jpg)
21.08.2018 14:30:10: ->moving p1_1534854284599.jpg successfull
21.08.2018 14:30:10: name=p1_1534854284599.jpg
21.08.2018 14:30:10: type=application/octet-stream
21.08.2018 14:30:10: tmp_name=C:\xampp\tmp\php82D6.tmp
21.08.2018 14:30:10: error=0
21.08.2018 14:30:10: size=103455
21.08.2018 14:30:10: name=p2_1534854284599.jpg
21.08.2018 14:30:10: type=application/octet-stream
21.08.2018 14:30:10: tmp_name=C:\xampp\tmp\php82F6.tmp
21.08.2018 14:30:10: error=0
21.08.2018 14:30:10: size=119503
21.08.2018 14:30:10: Upload of "coca_cola"
21.08.2018 14:30:10: MoveUploadedFile(p2_1534854284599.jpg)
21.08.2018 14:30:10: ->moving p2_1534854284599.jpg successfull
21.08.2018 14:30:10: name=p2_1534854284599.jpg
21.08.2018 14:30:10: type=application/octet-stream
21.08.2018 14:30:10: tmp_name=C:\xampp\tmp\php82F6.tmp
21.08.2018 14:30:10: error=0
21.08.2018 14:30:10: size=119503
21.08.2018 14:30:10: name=v_1534854284599.mp4
21.08.2018 14:30:10: type=application/octet-stream
21.08.2018 14:30:10: tmp_name=C:\xampp\tmp\php8326.tmp
21.08.2018 14:30:10: error=0
21.08.2018 14:30:10: size=18169269
21.08.2018 14:30:10: Upload of "ciucangkol"
21.08.2018 14:30:10: MoveUploadedFile(v_1534854284599.mp4)
21.08.2018 14:30:10: ->moving v_1534854284599.mp4 successfull
21.08.2018 14:30:10: name=v_1534854284599.mp4
21.08.2018 14:30:10: type=application/octet-stream
21.08.2018 14:30:10: tmp_name=C:\xampp\tmp\php8326.tmp
21.08.2018 14:30:10: error=0
21.08.2018 14:30:10: size=18169269
======================================
======================================
21.08.2018 14:48:54: note1=297
21.08.2018 14:48:54: note2=def
21.08.2018 14:48:54: action=upload
======================================
======= FILES ========================
21.08.2018 14:48:54: name=p1_1534855678450.jpg
21.08.2018 14:48:54: type=application/octet-stream
21.08.2018 14:48:54: tmp_name=C:\xampp\tmp\phpB2B1.tmp
21.08.2018 14:48:54: error=0
21.08.2018 14:48:54: size=109483
21.08.2018 14:48:54: Upload of "Aufnahme"
21.08.2018 14:48:54: MoveUploadedFile(p1_1534855678450.jpg)
21.08.2018 14:48:54: ->moving p1_1534855678450.jpg successfull
21.08.2018 14:48:54: name=p1_1534855678450.jpg
21.08.2018 14:48:54: type=application/octet-stream
21.08.2018 14:48:54: tmp_name=C:\xampp\tmp\phpB2B1.tmp
21.08.2018 14:48:54: error=0
21.08.2018 14:48:54: size=109483
21.08.2018 14:48:54: name=p2_1534855678450.jpg
21.08.2018 14:48:54: type=application/octet-stream
21.08.2018 14:48:54: tmp_name=C:\xampp\tmp\phpB2D1.tmp
21.08.2018 14:48:54: error=0
21.08.2018 14:48:54: size=108166
21.08.2018 14:48:54: Upload of "coca_cola"
21.08.2018 14:48:54: MoveUploadedFile(p2_1534855678450.jpg)
21.08.2018 14:48:54: ->moving p2_1534855678450.jpg successfull
21.08.2018 14:48:54: name=p2_1534855678450.jpg
21.08.2018 14:48:54: type=application/octet-stream
21.08.2018 14:48:54: tmp_name=C:\xampp\tmp\phpB2D1.tmp
21.08.2018 14:48:54: error=0
21.08.2018 14:48:54: size=108166
21.08.2018 14:48:54: name=v_1534855678450.mp4
21.08.2018 14:48:54: type=application/octet-stream
21.08.2018 14:48:54: tmp_name=C:\xampp\tmp\phpB2E2.tmp
21.08.2018 14:48:54: error=0
21.08.2018 14:48:54: size=10743952
21.08.2018 14:48:54: Upload of "ciucangkol"
21.08.2018 14:48:54: MoveUploadedFile(v_1534855678450.mp4)
21.08.2018 14:48:54: ->moving v_1534855678450.mp4 successfull
21.08.2018 14:48:54: name=v_1534855678450.mp4
21.08.2018 14:48:54: type=application/octet-stream
21.08.2018 14:48:54: tmp_name=C:\xampp\tmp\phpB2E2.tmp
21.08.2018 14:48:54: error=0
21.08.2018 14:48:54: size=10743952
======================================
======================================
13.09.2018 10:22:36: note1=300
13.09.2018 10:22:36: note2=def
13.09.2018 10:22:36: action=upload
======================================
======= FILES ========================
13.09.2018 10:22:36: name=p1_1536826867681.jpg
13.09.2018 10:22:36: type=application/octet-stream
13.09.2018 10:22:36: tmp_name=C:\xampp\tmp\php2D0A.tmp
13.09.2018 10:22:36: error=0
13.09.2018 10:22:36: size=96658
13.09.2018 10:22:36: Upload of "Aufnahme"
13.09.2018 10:22:36: MoveUploadedFile(p1_1536826867681.jpg)
13.09.2018 10:22:36: ->moving p1_1536826867681.jpg successfull
13.09.2018 10:22:36: name=p1_1536826867681.jpg
13.09.2018 10:22:36: type=application/octet-stream
13.09.2018 10:22:36: tmp_name=C:\xampp\tmp\php2D0A.tmp
13.09.2018 10:22:36: error=0
13.09.2018 10:22:36: size=96658
13.09.2018 10:22:36: name=p2_1536826867681.jpg
13.09.2018 10:22:36: type=application/octet-stream
13.09.2018 10:22:36: tmp_name=C:\xampp\tmp\php35A3.tmp
13.09.2018 10:22:36: error=0
13.09.2018 10:22:36: size=102820
13.09.2018 10:22:36: Upload of "coca_cola"
13.09.2018 10:22:36: MoveUploadedFile(p2_1536826867681.jpg)
13.09.2018 10:22:36: ->moving p2_1536826867681.jpg successfull
13.09.2018 10:22:36: name=p2_1536826867681.jpg
13.09.2018 10:22:36: type=application/octet-stream
13.09.2018 10:22:36: tmp_name=C:\xampp\tmp\php35A3.tmp
13.09.2018 10:22:36: error=0
13.09.2018 10:22:36: size=102820
======================================
======================================
21.09.2018 08:45:24: note1=301
21.09.2018 08:45:24: note2=def
21.09.2018 08:45:24: action=upload
======================================
======= FILES ========================
21.09.2018 08:45:24: name=p1_1537512196387.jpg
21.09.2018 08:45:24: type=application/octet-stream
21.09.2018 08:45:24: tmp_name=C:\xampp\tmp\php5E84.tmp
21.09.2018 08:45:24: error=0
21.09.2018 08:45:24: size=100850
21.09.2018 08:45:24: Upload of "Aufnahme"
21.09.2018 08:45:24: MoveUploadedFile(p1_1537512196387.jpg)
21.09.2018 08:45:24: ->moving p1_1537512196387.jpg successfull
21.09.2018 08:45:24: name=p1_1537512196387.jpg
21.09.2018 08:45:24: type=application/octet-stream
21.09.2018 08:45:24: tmp_name=C:\xampp\tmp\php5E84.tmp
21.09.2018 08:45:24: error=0
21.09.2018 08:45:24: size=100850
======================================
======================================
25.09.2018 04:47:21: note1=302
25.09.2018 04:47:21: note2=def
25.09.2018 04:47:21: action=upload
======================================
======= FILES ========================
25.09.2018 04:47:21: name=p1_1537843515313.jpg
25.09.2018 04:47:21: type=application/octet-stream
25.09.2018 04:47:21: tmp_name=C:\xampp\tmp\phpB921.tmp
25.09.2018 04:47:21: error=0
25.09.2018 04:47:21: size=113105
25.09.2018 04:47:21: Upload of "Aufnahme"
25.09.2018 04:47:21: MoveUploadedFile(p1_1537843515313.jpg)
25.09.2018 04:47:21: ->moving p1_1537843515313.jpg successfull
25.09.2018 04:47:21: name=p1_1537843515313.jpg
25.09.2018 04:47:21: type=application/octet-stream
25.09.2018 04:47:21: tmp_name=C:\xampp\tmp\phpB921.tmp
25.09.2018 04:47:21: error=0
25.09.2018 04:47:21: size=113105
25.09.2018 04:47:21: name=p2_1537843515313.jpg
25.09.2018 04:47:21: type=application/octet-stream
25.09.2018 04:47:21: tmp_name=C:\xampp\tmp\phpB970.tmp
25.09.2018 04:47:21: error=0
25.09.2018 04:47:21: size=113490
25.09.2018 04:47:21: Upload of "coca_cola"
25.09.2018 04:47:21: MoveUploadedFile(p2_1537843515313.jpg)
25.09.2018 04:47:21: ->moving p2_1537843515313.jpg successfull
25.09.2018 04:47:21: name=p2_1537843515313.jpg
25.09.2018 04:47:21: type=application/octet-stream
25.09.2018 04:47:21: tmp_name=C:\xampp\tmp\phpB970.tmp
25.09.2018 04:47:21: error=0
25.09.2018 04:47:21: size=113490
======================================
======================================
======================================
======================================
======================================
======================================
======================================
======================================
======================================
======================================
27.09.2018 04:38:41: note1=307
27.09.2018 04:38:41: note2=def
27.09.2018 04:38:41: action=upload
======================================
======= FILES ========================
27.09.2018 04:38:41: name=p1_1538015878080.jpg
27.09.2018 04:38:41: type=application/octet-stream
27.09.2018 04:38:41: tmp_name=C:\xampp\tmp\php759C.tmp
27.09.2018 04:38:41: error=0
27.09.2018 04:38:41: size=90732
27.09.2018 04:38:41: Upload of "Aufnahme"
27.09.2018 04:38:41: MoveUploadedFile(p1_1538015878080.jpg)
27.09.2018 04:38:41: ->moving p1_1538015878080.jpg successfull
27.09.2018 04:38:41: name=p1_1538015878080.jpg
27.09.2018 04:38:41: type=application/octet-stream
27.09.2018 04:38:41: tmp_name=C:\xampp\tmp\php759C.tmp
27.09.2018 04:38:41: error=0
27.09.2018 04:38:41: size=90732
======================================
======================================
======================================
======================================
27.09.2018 04:46:06: note1=307
27.09.2018 04:46:06: note2=def
27.09.2018 04:46:06: action=upload
======================================
======= FILES ========================
27.09.2018 04:46:06: name=p1_1538016330241.jpg
27.09.2018 04:46:06: type=application/octet-stream
27.09.2018 04:46:06: tmp_name=C:\xampp\tmp\php3F42.tmp
27.09.2018 04:46:06: error=0
27.09.2018 04:46:06: size=83379
27.09.2018 04:46:06: Upload of "Aufnahme"
27.09.2018 04:46:06: MoveUploadedFile(p1_1538016330241.jpg)
27.09.2018 04:46:06: ->moving p1_1538016330241.jpg successfull
27.09.2018 04:46:06: name=p1_1538016330241.jpg
27.09.2018 04:46:06: type=application/octet-stream
27.09.2018 04:46:06: tmp_name=C:\xampp\tmp\php3F42.tmp
27.09.2018 04:46:06: error=0
27.09.2018 04:46:06: size=83379
27.09.2018 04:46:06: name=p2_1538016330241.jpg
27.09.2018 04:46:06: type=application/octet-stream
27.09.2018 04:46:06: tmp_name=C:\xampp\tmp\php3F72.tmp
27.09.2018 04:46:06: error=0
27.09.2018 04:46:06: size=89340
27.09.2018 04:46:06: Upload of "coca_cola"
27.09.2018 04:46:06: MoveUploadedFile(p2_1538016330241.jpg)
27.09.2018 04:46:06: ->moving p2_1538016330241.jpg successfull
27.09.2018 04:46:06: name=p2_1538016330241.jpg
27.09.2018 04:46:06: type=application/octet-stream
27.09.2018 04:46:06: tmp_name=C:\xampp\tmp\php3F72.tmp
27.09.2018 04:46:06: error=0
27.09.2018 04:46:06: size=89340
======================================
======================================
27.09.2018 04:49:13: note1=307
27.09.2018 04:49:13: note2=def
27.09.2018 04:49:13: action=upload
======================================
======= FILES ========================
27.09.2018 04:49:13: name=p1_1538016536705.jpg
27.09.2018 04:49:13: type=application/octet-stream
27.09.2018 04:49:13: tmp_name=C:\xampp\tmp\php1748.tmp
27.09.2018 04:49:13: error=0
27.09.2018 04:49:13: size=80001
27.09.2018 04:49:13: Upload of "Aufnahme"
27.09.2018 04:49:13: MoveUploadedFile(p1_1538016536705.jpg)
27.09.2018 04:49:13: ->moving p1_1538016536705.jpg successfull
27.09.2018 04:49:13: name=p1_1538016536705.jpg
27.09.2018 04:49:13: type=application/octet-stream
27.09.2018 04:49:13: tmp_name=C:\xampp\tmp\php1748.tmp
27.09.2018 04:49:13: error=0
27.09.2018 04:49:13: size=80001
======================================
======================================
27.09.2018 05:03:28: note1=307
27.09.2018 05:03:28: note2=def
27.09.2018 05:03:28: action=upload
======================================
======= FILES ========================
27.09.2018 05:03:28: name=p1_1538017382455.jpg
27.09.2018 05:03:28: type=application/octet-stream
27.09.2018 05:03:28: tmp_name=C:\xampp\tmp\php22EB.tmp
27.09.2018 05:03:28: error=0
27.09.2018 05:03:28: size=77019
27.09.2018 05:03:28: Upload of "Aufnahme"
27.09.2018 05:03:28: MoveUploadedFile(p1_1538017382455.jpg)
27.09.2018 05:03:28: ->moving p1_1538017382455.jpg successfull
27.09.2018 05:03:28: name=p1_1538017382455.jpg
27.09.2018 05:03:28: type=application/octet-stream
27.09.2018 05:03:28: tmp_name=C:\xampp\tmp\php22EB.tmp
27.09.2018 05:03:28: error=0
27.09.2018 05:03:28: size=77019
27.09.2018 05:03:28: name=p2_1538017382455.jpg
27.09.2018 05:03:28: type=application/octet-stream
27.09.2018 05:03:28: tmp_name=C:\xampp\tmp\php23B7.tmp
27.09.2018 05:03:28: error=0
27.09.2018 05:03:28: size=89061
27.09.2018 05:03:28: Upload of "coca_cola"
27.09.2018 05:03:28: MoveUploadedFile(p2_1538017382455.jpg)
27.09.2018 05:03:28: ->moving p2_1538017382455.jpg successfull
27.09.2018 05:03:28: name=p2_1538017382455.jpg
27.09.2018 05:03:28: type=application/octet-stream
27.09.2018 05:03:28: tmp_name=C:\xampp\tmp\php23B7.tmp
27.09.2018 05:03:28: error=0
27.09.2018 05:03:28: size=89061
======================================
======================================
27.09.2018 05:09:34: note1=307
27.09.2018 05:09:34: note2=def
27.09.2018 05:09:34: action=upload
======================================
======= FILES ========================
27.09.2018 05:09:34: name=p1_1538017744486.jpg
27.09.2018 05:09:34: type=application/octet-stream
27.09.2018 05:09:34: tmp_name=C:\xampp\tmp\phpBA7D.tmp
27.09.2018 05:09:34: error=0
27.09.2018 05:09:34: size=75760
27.09.2018 05:09:34: Upload of "Aufnahme"
27.09.2018 05:09:34: MoveUploadedFile(p1_1538017744486.jpg)
27.09.2018 05:09:34: ->moving p1_1538017744486.jpg successfull
27.09.2018 05:09:34: name=p1_1538017744486.jpg
27.09.2018 05:09:34: type=application/octet-stream
27.09.2018 05:09:34: tmp_name=C:\xampp\tmp\phpBA7D.tmp
27.09.2018 05:09:34: error=0
27.09.2018 05:09:34: size=75760
27.09.2018 05:09:34: name=p2_1538017744486.jpg
27.09.2018 05:09:34: type=application/octet-stream
27.09.2018 05:09:34: tmp_name=C:\xampp\tmp\phpBADC.tmp
27.09.2018 05:09:34: error=0
27.09.2018 05:09:34: size=79448
27.09.2018 05:09:34: Upload of "coca_cola"
27.09.2018 05:09:34: MoveUploadedFile(p2_1538017744486.jpg)
27.09.2018 05:09:34: ->moving p2_1538017744486.jpg successfull
27.09.2018 05:09:34: name=p2_1538017744486.jpg
27.09.2018 05:09:34: type=application/octet-stream
27.09.2018 05:09:34: tmp_name=C:\xampp\tmp\phpBADC.tmp
27.09.2018 05:09:34: error=0
27.09.2018 05:09:34: size=79448
======================================
======================================
27.09.2018 05:10:28: note1=307
27.09.2018 05:10:28: note2=def
27.09.2018 05:10:28: action=upload
======================================
======= FILES ========================
27.09.2018 05:10:28: name=p1_1538017807733.jpg
27.09.2018 05:10:28: type=application/octet-stream
27.09.2018 05:10:28: tmp_name=C:\xampp\tmp\php8B45.tmp
27.09.2018 05:10:28: error=0
27.09.2018 05:10:28: size=92503
27.09.2018 05:10:28: Upload of "Aufnahme"
27.09.2018 05:10:28: MoveUploadedFile(p1_1538017807733.jpg)
27.09.2018 05:10:28: ->moving p1_1538017807733.jpg successfull
27.09.2018 05:10:28: name=p1_1538017807733.jpg
27.09.2018 05:10:28: type=application/octet-stream
27.09.2018 05:10:28: tmp_name=C:\xampp\tmp\php8B45.tmp
27.09.2018 05:10:28: error=0
27.09.2018 05:10:28: size=92503
27.09.2018 05:10:28: name=p2_1538017807733.jpg
27.09.2018 05:10:28: type=application/octet-stream
27.09.2018 05:10:28: tmp_name=C:\xampp\tmp\php8B94.tmp
27.09.2018 05:10:28: error=0
27.09.2018 05:10:28: size=87686
27.09.2018 05:10:28: Upload of "coca_cola"
27.09.2018 05:10:28: MoveUploadedFile(p2_1538017807733.jpg)
27.09.2018 05:10:28: ->moving p2_1538017807733.jpg successfull
27.09.2018 05:10:28: name=p2_1538017807733.jpg
27.09.2018 05:10:28: type=application/octet-stream
27.09.2018 05:10:28: tmp_name=C:\xampp\tmp\php8B94.tmp
27.09.2018 05:10:28: error=0
27.09.2018 05:10:28: size=87686
======================================
======================================
27.09.2018 05:19:41: note1=307
27.09.2018 05:19:41: note2=def
27.09.2018 05:19:41: action=upload
======================================
======= FILES ========================
27.09.2018 05:19:41: name=p1_1538018357501.jpg
27.09.2018 05:19:41: type=application/octet-stream
27.09.2018 05:19:41: tmp_name=C:\xampp\tmp\phpFCBE.tmp
27.09.2018 05:19:41: error=0
27.09.2018 05:19:41: size=82537
27.09.2018 05:19:41: Upload of "Aufnahme"
27.09.2018 05:19:41: MoveUploadedFile(p1_1538018357501.jpg)
27.09.2018 05:19:41: ->moving p1_1538018357501.jpg successfull
27.09.2018 05:19:41: name=p1_1538018357501.jpg
27.09.2018 05:19:41: type=application/octet-stream
27.09.2018 05:19:41: tmp_name=C:\xampp\tmp\phpFCBE.tmp
27.09.2018 05:19:41: error=0
27.09.2018 05:19:41: size=82537
27.09.2018 05:19:41: name=p2_1538018357501.jpg
27.09.2018 05:19:41: type=application/octet-stream
27.09.2018 05:19:41: tmp_name=C:\xampp\tmp\phpFCEE.tmp
27.09.2018 05:19:41: error=0
27.09.2018 05:19:41: size=87741
27.09.2018 05:19:41: Upload of "coca_cola"
27.09.2018 05:19:41: MoveUploadedFile(p2_1538018357501.jpg)
27.09.2018 05:19:41: ->moving p2_1538018357501.jpg successfull
27.09.2018 05:19:41: name=p2_1538018357501.jpg
27.09.2018 05:19:41: type=application/octet-stream
27.09.2018 05:19:41: tmp_name=C:\xampp\tmp\phpFCEE.tmp
27.09.2018 05:19:41: error=0
27.09.2018 05:19:41: size=87741
======================================
======================================
27.09.2018 05:31:21: note1=307
27.09.2018 05:31:21: note2=def
27.09.2018 05:31:21: action=upload
======================================
======= FILES ========================
27.09.2018 05:31:21: name=p1_1538019061019.jpg
27.09.2018 05:31:21: type=application/octet-stream
27.09.2018 05:31:21: tmp_name=C:\xampp\tmp\phpAD69.tmp
27.09.2018 05:31:21: error=0
27.09.2018 05:31:21: size=98244
27.09.2018 05:31:21: Upload of "Aufnahme"
27.09.2018 05:31:21: MoveUploadedFile(p1_1538019061019.jpg)
27.09.2018 05:31:21: ->moving p1_1538019061019.jpg successfull
27.09.2018 05:31:21: name=p1_1538019061019.jpg
27.09.2018 05:31:21: type=application/octet-stream
27.09.2018 05:31:21: tmp_name=C:\xampp\tmp\phpAD69.tmp
27.09.2018 05:31:21: error=0
27.09.2018 05:31:21: size=98244
27.09.2018 05:31:21: name=p2_1538019061019.jpg
27.09.2018 05:31:21: type=application/octet-stream
27.09.2018 05:31:21: tmp_name=C:\xampp\tmp\phpADD8.tmp
27.09.2018 05:31:21: error=0
27.09.2018 05:31:21: size=85386
27.09.2018 05:31:21: Upload of "coca_cola"
27.09.2018 05:31:21: MoveUploadedFile(p2_1538019061019.jpg)
27.09.2018 05:31:21: ->moving p2_1538019061019.jpg successfull
27.09.2018 05:31:21: name=p2_1538019061019.jpg
27.09.2018 05:31:21: type=application/octet-stream
27.09.2018 05:31:21: tmp_name=C:\xampp\tmp\phpADD8.tmp
27.09.2018 05:31:21: error=0
27.09.2018 05:31:21: size=85386
======================================
======================================
27.09.2018 06:08:21: note1=abc
27.09.2018 06:08:21: note2=def
27.09.2018 06:08:21: action=upload
======================================
======= FILES ========================
27.09.2018 06:08:21: name=p1_1538021014157.jpg
27.09.2018 06:08:21: type=application/octet-stream
27.09.2018 06:08:21: tmp_name=C:\xampp\tmp\php88EC.tmp
27.09.2018 06:08:21: error=0
27.09.2018 06:08:21: size=61510
27.09.2018 06:08:21: Upload of "Aufnahme"
27.09.2018 06:08:21: MoveUploadedFile(p1_1538021014157.jpg)
27.09.2018 06:08:21: ->moving p1_1538021014157.jpg successfull
27.09.2018 06:08:21: name=p1_1538021014157.jpg
27.09.2018 06:08:21: type=application/octet-stream
27.09.2018 06:08:21: tmp_name=C:\xampp\tmp\php88EC.tmp
27.09.2018 06:08:21: error=0
27.09.2018 06:08:21: size=61510
======================================
======================================
27.09.2018 06:18:05: note1=309
27.09.2018 06:18:05: note2=def
27.09.2018 06:18:05: action=upload
======================================
======= FILES ========================
27.09.2018 06:18:05: name=p1_1538021842469.jpg
27.09.2018 06:18:05: type=application/octet-stream
27.09.2018 06:18:05: tmp_name=C:\xampp\tmp\php76B4.tmp
27.09.2018 06:18:05: error=0
27.09.2018 06:18:05: size=106381
27.09.2018 06:18:05: Upload of "Aufnahme"
27.09.2018 06:18:05: MoveUploadedFile(p1_1538021842469.jpg)
27.09.2018 06:18:05: ->moving p1_1538021842469.jpg successfull
27.09.2018 06:18:05: name=p1_1538021842469.jpg
27.09.2018 06:18:05: type=application/octet-stream
27.09.2018 06:18:05: tmp_name=C:\xampp\tmp\php76B4.tmp
27.09.2018 06:18:05: error=0
27.09.2018 06:18:05: size=106381
======================================
======================================
======================================
======================================
27.09.2018 06:42:02: note1=abc
27.09.2018 06:42:02: note2=def
27.09.2018 06:42:02: action=upload
======================================
======= FILES ========================
27.09.2018 06:42:02: name=p1_1538023018959.jpg
27.09.2018 06:42:02: type=application/octet-stream
27.09.2018 06:42:02: tmp_name=C:\xampp\tmp\php3344.tmp
27.09.2018 06:42:02: error=0
27.09.2018 06:42:02: size=53586
27.09.2018 06:42:02: Upload of "Aufnahme"
27.09.2018 06:42:02: MoveUploadedFile(p1_1538023018959.jpg)
27.09.2018 06:42:02: ->moving p1_1538023018959.jpg successfull
27.09.2018 06:42:02: name=p1_1538023018959.jpg
27.09.2018 06:42:02: type=application/octet-stream
27.09.2018 06:42:02: tmp_name=C:\xampp\tmp\php3344.tmp
27.09.2018 06:42:02: error=0
27.09.2018 06:42:02: size=53586
27.09.2018 06:42:02: name=p2_1538023018959.jpg
27.09.2018 06:42:02: type=application/octet-stream
27.09.2018 06:42:02: tmp_name=C:\xampp\tmp\php4CFD.tmp
27.09.2018 06:42:02: error=0
27.09.2018 06:42:02: size=56665
27.09.2018 06:42:02: Upload of "coca_cola"
27.09.2018 06:42:02: MoveUploadedFile(p2_1538023018959.jpg)
27.09.2018 06:42:02: ->moving p2_1538023018959.jpg successfull
27.09.2018 06:42:02: name=p2_1538023018959.jpg
27.09.2018 06:42:02: type=application/octet-stream
27.09.2018 06:42:02: tmp_name=C:\xampp\tmp\php4CFD.tmp
27.09.2018 06:42:02: error=0
27.09.2018 06:42:02: size=56665
======================================
======================================
27.09.2018 06:43:03: note1=abc
27.09.2018 06:43:03: note2=def
27.09.2018 06:43:03: action=upload
======================================
======= FILES ========================
27.09.2018 06:43:03: name=p1_1538023064811.jpg
27.09.2018 06:43:03: type=application/octet-stream
27.09.2018 06:43:03: tmp_name=C:\xampp\tmp\php20C0.tmp
27.09.2018 06:43:03: error=0
27.09.2018 06:43:03: size=112808
27.09.2018 06:43:03: Upload of "Aufnahme"
27.09.2018 06:43:03: MoveUploadedFile(p1_1538023064811.jpg)
27.09.2018 06:43:03: ->moving p1_1538023064811.jpg successfull
27.09.2018 06:43:03: name=p1_1538023064811.jpg
27.09.2018 06:43:03: type=application/octet-stream
27.09.2018 06:43:03: tmp_name=C:\xampp\tmp\php20C0.tmp
27.09.2018 06:43:03: error=0
27.09.2018 06:43:03: size=112808
27.09.2018 06:43:03: name=p2_1538023064811.jpg
27.09.2018 06:43:03: type=application/octet-stream
27.09.2018 06:43:03: tmp_name=C:\xampp\tmp\php3B14.tmp
27.09.2018 06:43:03: error=0
27.09.2018 06:43:03: size=116687
27.09.2018 06:43:03: Upload of "coca_cola"
27.09.2018 06:43:03: MoveUploadedFile(p2_1538023064811.jpg)
27.09.2018 06:43:03: ->moving p2_1538023064811.jpg successfull
27.09.2018 06:43:03: name=p2_1538023064811.jpg
27.09.2018 06:43:03: type=application/octet-stream
27.09.2018 06:43:03: tmp_name=C:\xampp\tmp\php3B14.tmp
27.09.2018 06:43:03: error=0
27.09.2018 06:43:03: size=116687
======================================
======================================
27.09.2018 06:49:13: note1=abc
27.09.2018 06:49:13: note2=def
27.09.2018 06:49:13: action=upload
======================================
======= FILES ========================
27.09.2018 06:49:13: name=p1_1538023576286.jpg
27.09.2018 06:49:13: type=application/octet-stream
27.09.2018 06:49:13: tmp_name=C:\xampp\tmp\phpF61A.tmp
27.09.2018 06:49:13: error=0
27.09.2018 06:49:13: size=51348
27.09.2018 06:49:13: Upload of "Aufnahme"
27.09.2018 06:49:13: MoveUploadedFile(p1_1538023576286.jpg)
27.09.2018 06:49:13: ->moving p1_1538023576286.jpg successfull
27.09.2018 06:49:13: name=p1_1538023576286.jpg
27.09.2018 06:49:13: type=application/octet-stream
27.09.2018 06:49:13: tmp_name=C:\xampp\tmp\phpF61A.tmp
27.09.2018 06:49:13: error=0
27.09.2018 06:49:13: size=51348
======================================
======================================
27.09.2018 06:52:01: note1=abc
27.09.2018 06:52:01: note2=def
27.09.2018 06:52:01: action=upload
======================================
======= FILES ========================
27.09.2018 06:52:01: name=p1_1538023459939.jpg
27.09.2018 06:52:01: type=application/octet-stream
27.09.2018 06:52:01: tmp_name=C:\xampp\tmp\php84A4.tmp
27.09.2018 06:52:01: error=0
27.09.2018 06:52:01: size=92770
27.09.2018 06:52:01: Upload of "Aufnahme"
27.09.2018 06:52:01: MoveUploadedFile(p1_1538023459939.jpg)
27.09.2018 06:52:01: ->moving p1_1538023459939.jpg successfull
27.09.2018 06:52:01: name=p1_1538023459939.jpg
27.09.2018 06:52:01: type=application/octet-stream
27.09.2018 06:52:01: tmp_name=C:\xampp\tmp\php84A4.tmp
27.09.2018 06:52:01: error=0
27.09.2018 06:52:01: size=92770
======================================
======================================
27.09.2018 06:57:56: note1=abc
27.09.2018 06:57:56: note2=def
27.09.2018 06:57:56: action=upload
======================================
======= FILES ========================
27.09.2018 06:57:56: name=p1_1538024127642.jpg
27.09.2018 06:57:56: type=application/octet-stream
27.09.2018 06:57:56: tmp_name=C:\xampp\tmp\phpE7CA.tmp
27.09.2018 06:57:56: error=0
27.09.2018 06:57:56: size=109601
27.09.2018 06:57:56: Upload of "Aufnahme"
27.09.2018 06:57:56: MoveUploadedFile(p1_1538024127642.jpg)
27.09.2018 06:57:56: ->moving p1_1538024127642.jpg successfull
27.09.2018 06:57:56: name=p1_1538024127642.jpg
27.09.2018 06:57:56: type=application/octet-stream
27.09.2018 06:57:56: tmp_name=C:\xampp\tmp\phpE7CA.tmp
27.09.2018 06:57:56: error=0
27.09.2018 06:57:56: size=109601
27.09.2018 06:57:56: name=p2_1538024127642.jpg
27.09.2018 06:57:56: type=application/octet-stream
27.09.2018 06:57:56: tmp_name=C:\xampp\tmp\phpECAB.tmp
27.09.2018 06:57:56: error=0
27.09.2018 06:57:56: size=107571
27.09.2018 06:57:56: Upload of "coca_cola"
27.09.2018 06:57:56: MoveUploadedFile(p2_1538024127642.jpg)
27.09.2018 06:57:56: ->moving p2_1538024127642.jpg successfull
27.09.2018 06:57:56: name=p2_1538024127642.jpg
27.09.2018 06:57:56: type=application/octet-stream
27.09.2018 06:57:56: tmp_name=C:\xampp\tmp\phpECAB.tmp
27.09.2018 06:57:56: error=0
27.09.2018 06:57:56: size=107571
======================================
======================================
27.09.2018 07:02:34: note1=abc
27.09.2018 07:02:34: note2=def
27.09.2018 07:02:34: action=upload
======================================
======= FILES ========================
27.09.2018 07:02:34: name=p1_1538024406837.jpg
27.09.2018 07:02:34: type=application/octet-stream
27.09.2018 07:02:34: tmp_name=C:\xampp\tmp\php2EF9.tmp
27.09.2018 07:02:34: error=0
27.09.2018 07:02:34: size=50444
27.09.2018 07:02:34: Upload of "Aufnahme"
27.09.2018 07:02:34: MoveUploadedFile(p1_1538024406837.jpg)
27.09.2018 07:02:34: ->moving p1_1538024406837.jpg successfull
27.09.2018 07:02:34: name=p1_1538024406837.jpg
27.09.2018 07:02:34: type=application/octet-stream
27.09.2018 07:02:34: tmp_name=C:\xampp\tmp\php2EF9.tmp
27.09.2018 07:02:34: error=0
27.09.2018 07:02:34: size=50444
======================================
======================================
27.09.2018 08:31:33: note1=314
27.09.2018 08:31:33: note2=def
27.09.2018 08:31:33: action=upload
======================================
======= FILES ========================
27.09.2018 08:31:33: name=p1_1538029850483.jpg
27.09.2018 08:31:33: type=application/octet-stream
27.09.2018 08:31:33: tmp_name=C:\xampp\tmp\phpA5EF.tmp
27.09.2018 08:31:33: error=0
27.09.2018 08:31:33: size=77979
27.09.2018 08:31:33: Upload of "Aufnahme"
27.09.2018 08:31:33: MoveUploadedFile(p1_1538029850483.jpg)
27.09.2018 08:31:33: ->moving p1_1538029850483.jpg successfull
27.09.2018 08:31:33: name=p1_1538029850483.jpg
27.09.2018 08:31:33: type=application/octet-stream
27.09.2018 08:31:33: tmp_name=C:\xampp\tmp\phpA5EF.tmp
27.09.2018 08:31:33: error=0
27.09.2018 08:31:33: size=77979
======================================
======================================
27.09.2018 08:32:04: note1=315
27.09.2018 08:32:04: note2=def
27.09.2018 08:32:04: action=upload
======================================
======= FILES ========================
27.09.2018 08:32:04: name=p1_1538029850483.jpg
27.09.2018 08:32:04: type=application/octet-stream
27.09.2018 08:32:04: tmp_name=C:\xampp\tmp\php205D.tmp
27.09.2018 08:32:04: error=0
27.09.2018 08:32:04: size=87583
27.09.2018 08:32:04: Upload of "Aufnahme"
27.09.2018 08:32:04: MoveUploadedFile(p1_1538029850483.jpg)
27.09.2018 08:32:04: ->moving p1_1538029850483.jpg successfull
27.09.2018 08:32:04: name=p1_1538029850483.jpg
27.09.2018 08:32:04: type=application/octet-stream
27.09.2018 08:32:04: tmp_name=C:\xampp\tmp\php205D.tmp
27.09.2018 08:32:04: error=0
27.09.2018 08:32:04: size=87583
======================================
======================================
27.09.2018 08:32:42: note1=316
27.09.2018 08:32:42: note2=def
27.09.2018 08:32:42: action=upload
======================================
======= FILES ========================
27.09.2018 08:32:42: name=p1_1538029850483.jpg
27.09.2018 08:32:42: type=application/octet-stream
27.09.2018 08:32:42: tmp_name=C:\xampp\tmp\phpB2CD.tmp
27.09.2018 08:32:42: error=0
27.09.2018 08:32:42: size=95782
27.09.2018 08:32:42: Upload of "Aufnahme"
27.09.2018 08:32:42: MoveUploadedFile(p1_1538029850483.jpg)
27.09.2018 08:32:42: ->moving p1_1538029850483.jpg successfull
27.09.2018 08:32:42: name=p1_1538029850483.jpg
27.09.2018 08:32:42: type=application/octet-stream
27.09.2018 08:32:42: tmp_name=C:\xampp\tmp\phpB2CD.tmp
27.09.2018 08:32:42: error=0
27.09.2018 08:32:42: size=95782
======================================
======================================
27.09.2018 08:33:10: note1=317
27.09.2018 08:33:10: note2=def
27.09.2018 08:33:10: action=upload
======================================
======= FILES ========================
27.09.2018 08:33:10: name=p1_1538029850483.jpg
27.09.2018 08:33:10: type=application/octet-stream
27.09.2018 08:33:10: tmp_name=C:\xampp\tmp\php230D.tmp
27.09.2018 08:33:10: error=0
27.09.2018 08:33:10: size=103106
27.09.2018 08:33:10: Upload of "Aufnahme"
27.09.2018 08:33:10: MoveUploadedFile(p1_1538029850483.jpg)
27.09.2018 08:33:10: ->moving p1_1538029850483.jpg successfull
27.09.2018 08:33:10: name=p1_1538029850483.jpg
27.09.2018 08:33:10: type=application/octet-stream
27.09.2018 08:33:10: tmp_name=C:\xampp\tmp\php230D.tmp
27.09.2018 08:33:10: error=0
27.09.2018 08:33:10: size=103106
======================================
======================================
======================================
======================================
======================================
======================================
======================================
======================================
30.10.2018 06:02:26: note1=320
30.10.2018 06:02:26: note2=def
30.10.2018 06:02:26: action=upload
======================================
======= FILES ========================
30.10.2018 06:02:26: name=p1_1540874822906.jpg
30.10.2018 06:02:26: type=application/octet-stream
30.10.2018 06:02:26: tmp_name=C:\xampp\tmp\phpA8CE.tmp
30.10.2018 06:02:26: error=0
30.10.2018 06:02:26: size=99902
30.10.2018 06:02:26: Upload of "Aufnahme"
30.10.2018 06:02:26: MoveUploadedFile(p1_1540874822906.jpg)
30.10.2018 06:02:26: ->moving p1_1540874822906.jpg successfull
30.10.2018 06:02:26: name=p1_1540874822906.jpg
30.10.2018 06:02:26: type=application/octet-stream
30.10.2018 06:02:26: tmp_name=C:\xampp\tmp\phpA8CE.tmp
30.10.2018 06:02:26: error=0
30.10.2018 06:02:26: size=99902
30.10.2018 06:02:26: name=p2_1540874822906.jpg
30.10.2018 06:02:26: type=application/octet-stream
30.10.2018 06:02:26: tmp_name=C:\xampp\tmp\phpA8DE.tmp
30.10.2018 06:02:26: error=0
30.10.2018 06:02:26: size=98139
30.10.2018 06:02:26: Upload of "coca_cola"
30.10.2018 06:02:26: MoveUploadedFile(p2_1540874822906.jpg)
30.10.2018 06:02:26: ->moving p2_1540874822906.jpg successfull
30.10.2018 06:02:26: name=p2_1540874822906.jpg
30.10.2018 06:02:26: type=application/octet-stream
30.10.2018 06:02:26: tmp_name=C:\xampp\tmp\phpA8DE.tmp
30.10.2018 06:02:26: error=0
30.10.2018 06:02:26: size=98139
30.10.2018 06:02:26: name=v_1540874822906.mp4
30.10.2018 06:02:26: type=application/octet-stream
30.10.2018 06:02:26: tmp_name=C:\xampp\tmp\phpA8EF.tmp
30.10.2018 06:02:26: error=0
30.10.2018 06:02:26: size=17456326
30.10.2018 06:02:26: Upload of "ciucangkol"
30.10.2018 06:02:26: MoveUploadedFile(v_1540874822906.mp4)
30.10.2018 06:02:26: ->moving v_1540874822906.mp4 successfull
30.10.2018 06:02:26: name=v_1540874822906.mp4
30.10.2018 06:02:26: type=application/octet-stream
30.10.2018 06:02:26: tmp_name=C:\xampp\tmp\phpA8EF.tmp
30.10.2018 06:02:26: error=0
30.10.2018 06:02:26: size=17456326
======================================
======================================
30.10.2018 06:07:44: note1=321
30.10.2018 06:07:44: note2=def
30.10.2018 06:07:44: action=upload
======================================
======= FILES ========================
30.10.2018 06:07:44: name=p1_1540875966039.jpg
30.10.2018 06:07:44: type=application/octet-stream
30.10.2018 06:07:44: tmp_name=C:\xampp\tmp\php85E6.tmp
30.10.2018 06:07:44: error=0
30.10.2018 06:07:44: size=88572
30.10.2018 06:07:44: Upload of "Aufnahme"
30.10.2018 06:07:44: MoveUploadedFile(p1_1540875966039.jpg)
30.10.2018 06:07:44: ->moving p1_1540875966039.jpg successfull
30.10.2018 06:07:44: name=p1_1540875966039.jpg
30.10.2018 06:07:44: type=application/octet-stream
30.10.2018 06:07:44: tmp_name=C:\xampp\tmp\php85E6.tmp
30.10.2018 06:07:44: error=0
30.10.2018 06:07:44: size=88572
30.10.2018 06:07:44: name=p2_1540875966039.jpg
30.10.2018 06:07:44: type=application/octet-stream
30.10.2018 06:07:44: tmp_name=C:\xampp\tmp\php85F6.tmp
30.10.2018 06:07:44: error=0
30.10.2018 06:07:44: size=96940
30.10.2018 06:07:44: Upload of "coca_cola"
30.10.2018 06:07:44: MoveUploadedFile(p2_1540875966039.jpg)
30.10.2018 06:07:44: ->moving p2_1540875966039.jpg successfull
30.10.2018 06:07:44: name=p2_1540875966039.jpg
30.10.2018 06:07:44: type=application/octet-stream
30.10.2018 06:07:44: tmp_name=C:\xampp\tmp\php85F6.tmp
30.10.2018 06:07:44: error=0
30.10.2018 06:07:44: size=96940
30.10.2018 06:07:44: name=v_1540875966039.mp4
30.10.2018 06:07:44: type=application/octet-stream
30.10.2018 06:07:44: tmp_name=C:\xampp\tmp\php8607.tmp
30.10.2018 06:07:44: error=0
30.10.2018 06:07:44: size=15192386
30.10.2018 06:07:44: Upload of "ciucangkol"
30.10.2018 06:07:44: MoveUploadedFile(v_1540875966039.mp4)
30.10.2018 06:07:44: ->moving v_1540875966039.mp4 successfull
30.10.2018 06:07:44: name=v_1540875966039.mp4
30.10.2018 06:07:44: type=application/octet-stream
30.10.2018 06:07:44: tmp_name=C:\xampp\tmp\php8607.tmp
30.10.2018 06:07:44: error=0
30.10.2018 06:07:44: size=15192386
======================================
======================================
30.10.2018 08:47:42: note1=322
30.10.2018 08:47:42: note2=def
30.10.2018 08:47:42: action=upload
======================================
======= FILES ========================
30.10.2018 08:47:42: name=p1_1540885550339.jpg
30.10.2018 08:47:42: type=application/octet-stream
30.10.2018 08:47:42: tmp_name=C:\xampp\tmp\php9AB.tmp
30.10.2018 08:47:42: error=0
30.10.2018 08:47:42: size=110408
30.10.2018 08:47:42: Upload of "Aufnahme"
30.10.2018 08:47:42: MoveUploadedFile(p1_1540885550339.jpg)
30.10.2018 08:47:43: ->moving p1_1540885550339.jpg successfull
30.10.2018 08:47:43: name=p1_1540885550339.jpg
30.10.2018 08:47:43: type=application/octet-stream
30.10.2018 08:47:43: tmp_name=C:\xampp\tmp\php9AB.tmp
30.10.2018 08:47:43: error=0
30.10.2018 08:47:43: size=110408
30.10.2018 08:47:43: name=p2_1540885550339.jpg
30.10.2018 08:47:43: type=application/octet-stream
30.10.2018 08:47:43: tmp_name=C:\xampp\tmp\php9FA.tmp
30.10.2018 08:47:43: error=0
30.10.2018 08:47:43: size=95226
30.10.2018 08:47:43: Upload of "coca_cola"
30.10.2018 08:47:43: MoveUploadedFile(p2_1540885550339.jpg)
30.10.2018 08:47:43: ->moving p2_1540885550339.jpg successfull
30.10.2018 08:47:43: name=p2_1540885550339.jpg
30.10.2018 08:47:43: type=application/octet-stream
30.10.2018 08:47:43: tmp_name=C:\xampp\tmp\php9FA.tmp
30.10.2018 08:47:43: error=0
30.10.2018 08:47:43: size=95226
======================================
======================================
31.10.2018 02:53:05: note1=323
31.10.2018 02:53:05: note2=def
31.10.2018 02:53:05: action=upload
======================================
======= FILES ========================
31.10.2018 02:53:05: name=p1_1540950683821.jpg
31.10.2018 02:53:05: type=application/octet-stream
31.10.2018 02:53:05: tmp_name=C:\xampp\tmp\php9AE7.tmp
31.10.2018 02:53:05: error=0
31.10.2018 02:53:05: size=90206
31.10.2018 02:53:05: Upload of "Aufnahme"
31.10.2018 02:53:05: MoveUploadedFile(p1_1540950683821.jpg)
31.10.2018 02:53:05: ->moving p1_1540950683821.jpg successfull
31.10.2018 02:53:05: name=p1_1540950683821.jpg
31.10.2018 02:53:05: type=application/octet-stream
31.10.2018 02:53:05: tmp_name=C:\xampp\tmp\php9AE7.tmp
31.10.2018 02:53:05: error=0
31.10.2018 02:53:05: size=90206
31.10.2018 02:53:05: name=p2_1540950683821.jpg
31.10.2018 02:53:05: type=application/octet-stream
31.10.2018 02:53:05: tmp_name=C:\xampp\tmp\php9B56.tmp
31.10.2018 02:53:05: error=0
31.10.2018 02:53:05: size=98329
31.10.2018 02:53:05: Upload of "coca_cola"
31.10.2018 02:53:05: MoveUploadedFile(p2_1540950683821.jpg)
31.10.2018 02:53:05: ->moving p2_1540950683821.jpg successfull
31.10.2018 02:53:05: name=p2_1540950683821.jpg
31.10.2018 02:53:05: type=application/octet-stream
31.10.2018 02:53:05: tmp_name=C:\xampp\tmp\php9B56.tmp
31.10.2018 02:53:05: error=0
31.10.2018 02:53:05: size=98329
31.10.2018 02:53:05: name=v_1540950683821.mp4
31.10.2018 02:53:05: type=application/octet-stream
31.10.2018 02:53:05: tmp_name=C:\xampp\tmp\php9B76.tmp
31.10.2018 02:53:05: error=0
31.10.2018 02:53:05: size=27273859
31.10.2018 02:53:05: Upload of "ciucangkol"
31.10.2018 02:53:05: MoveUploadedFile(v_1540950683821.mp4)
31.10.2018 02:53:05: ->moving v_1540950683821.mp4 successfull
31.10.2018 02:53:05: name=v_1540950683821.mp4
31.10.2018 02:53:05: type=application/octet-stream
31.10.2018 02:53:05: tmp_name=C:\xampp\tmp\php9B76.tmp
31.10.2018 02:53:05: error=0
31.10.2018 02:53:05: size=27273859
======================================
======================================
31.10.2018 02:56:46: note1=324
31.10.2018 02:56:46: note2=def
31.10.2018 02:56:46: action=upload
======================================
======= FILES ========================
31.10.2018 02:56:46: name=p1_1540950683821.jpg
31.10.2018 02:56:46: type=application/octet-stream
31.10.2018 02:56:46: tmp_name=C:\xampp\tmp\phpF450.tmp
31.10.2018 02:56:46: error=0
31.10.2018 02:56:46: size=90558
31.10.2018 02:56:46: Upload of "Aufnahme"
31.10.2018 02:56:46: MoveUploadedFile(p1_1540950683821.jpg)
31.10.2018 02:56:46: ->moving p1_1540950683821.jpg successfull
31.10.2018 02:56:46: name=p1_1540950683821.jpg
31.10.2018 02:56:46: type=application/octet-stream
31.10.2018 02:56:46: tmp_name=C:\xampp\tmp\phpF450.tmp
31.10.2018 02:56:46: error=0
31.10.2018 02:56:46: size=90558
31.10.2018 02:56:46: name=p2_1540950683821.jpg
31.10.2018 02:56:46: type=application/octet-stream
31.10.2018 02:56:46: tmp_name=C:\xampp\tmp\phpF49F.tmp
31.10.2018 02:56:46: error=0
31.10.2018 02:56:46: size=98235
31.10.2018 02:56:46: Upload of "coca_cola"
31.10.2018 02:56:46: MoveUploadedFile(p2_1540950683821.jpg)
31.10.2018 02:56:46: ->moving p2_1540950683821.jpg successfull
31.10.2018 02:56:46: name=p2_1540950683821.jpg
31.10.2018 02:56:46: type=application/octet-stream
31.10.2018 02:56:46: tmp_name=C:\xampp\tmp\phpF49F.tmp
31.10.2018 02:56:46: error=0
31.10.2018 02:56:46: size=98235
31.10.2018 02:56:46: name=v_1540950683821.mp4
31.10.2018 02:56:46: type=application/octet-stream
31.10.2018 02:56:46: tmp_name=C:\xampp\tmp\phpF4DE.tmp
31.10.2018 02:56:46: error=0
31.10.2018 02:56:46: size=27273859
31.10.2018 02:56:46: Upload of "ciucangkol"
31.10.2018 02:56:46: MoveUploadedFile(v_1540950683821.mp4)
31.10.2018 02:56:46: ->moving v_1540950683821.mp4 successfull
31.10.2018 02:56:46: name=v_1540950683821.mp4
31.10.2018 02:56:46: type=application/octet-stream
31.10.2018 02:56:46: tmp_name=C:\xampp\tmp\phpF4DE.tmp
31.10.2018 02:56:46: error=0
31.10.2018 02:56:46: size=27273859
======================================
======================================
31.10.2018 04:24:19: note1=328
31.10.2018 04:24:19: note2=def
31.10.2018 04:24:19: action=upload
======================================
======= FILES ========================
31.10.2018 04:24:19: name=p1_1540954375569.jpg
31.10.2018 04:24:19: type=application/octet-stream
31.10.2018 04:24:19: tmp_name=C:\xampp\tmp\phpEF84.tmp
31.10.2018 04:24:19: error=0
31.10.2018 04:24:19: size=72252
31.10.2018 04:24:19: Upload of "Aufnahme"
31.10.2018 04:24:19: MoveUploadedFile(p1_1540954375569.jpg)
31.10.2018 04:24:19: ->moving p1_1540954375569.jpg successfull
31.10.2018 04:24:19: name=p1_1540954375569.jpg
31.10.2018 04:24:19: type=application/octet-stream
31.10.2018 04:24:19: tmp_name=C:\xampp\tmp\phpEF84.tmp
31.10.2018 04:24:19: error=0
31.10.2018 04:24:19: size=72252
31.10.2018 04:24:19: name=v_1540954375569.mp4
31.10.2018 04:24:19: type=application/octet-stream
31.10.2018 04:24:19: tmp_name=C:\xampp\tmp\phpEFB4.tmp
31.10.2018 04:24:19: error=0
31.10.2018 04:24:19: size=32529049
31.10.2018 04:24:19: Upload of "ciucangkol"
31.10.2018 04:24:19: MoveUploadedFile(v_1540954375569.mp4)
31.10.2018 04:24:19: ->moving v_1540954375569.mp4 successfull
31.10.2018 04:24:19: name=v_1540954375569.mp4
31.10.2018 04:24:19: type=application/octet-stream
31.10.2018 04:24:19: tmp_name=C:\xampp\tmp\phpEFB4.tmp
31.10.2018 04:24:19: error=0
31.10.2018 04:24:19: size=32529049
======================================
======================================
31.10.2018 04:35:45: note1=331
31.10.2018 04:35:45: note2=def
31.10.2018 04:35:45: action=upload
======================================
======= FILES ========================
31.10.2018 04:35:45: name=p2_1540955972366.jpg
31.10.2018 04:35:45: type=application/octet-stream
31.10.2018 04:35:45: tmp_name=C:\xampp\tmp\phpC970.tmp
31.10.2018 04:35:45: error=0
31.10.2018 04:35:45: size=105763
31.10.2018 04:35:45: Upload of "coca_cola"
31.10.2018 04:35:45: MoveUploadedFile(p2_1540955972366.jpg)
31.10.2018 04:35:45: ->moving p2_1540955972366.jpg successfull
31.10.2018 04:35:45: name=p2_1540955972366.jpg
31.10.2018 04:35:45: type=application/octet-stream
31.10.2018 04:35:45: tmp_name=C:\xampp\tmp\phpC970.tmp
31.10.2018 04:35:45: error=0
31.10.2018 04:35:45: size=105763
======================================
======================================
31.10.2018 04:39:12: note1=333
31.10.2018 04:39:12: note2=def
31.10.2018 04:39:12: action=upload
======================================
======= FILES ========================
31.10.2018 04:39:12: name=p1_1540955443304.jpg
31.10.2018 04:39:12: type=application/octet-stream
31.10.2018 04:39:12: tmp_name=C:\xampp\tmp\php6BF7.tmp
31.10.2018 04:39:12: error=0
31.10.2018 04:39:12: size=93937
31.10.2018 04:39:12: Upload of "Aufnahme"
31.10.2018 04:39:12: MoveUploadedFile(p1_1540955443304.jpg)
31.10.2018 04:39:12: ->moving p1_1540955443304.jpg successfull
31.10.2018 04:39:12: name=p1_1540955443304.jpg
31.10.2018 04:39:12: type=application/octet-stream
31.10.2018 04:39:12: tmp_name=C:\xampp\tmp\php6BF7.tmp
31.10.2018 04:39:12: error=0
31.10.2018 04:39:12: size=93937
31.10.2018 04:39:12: name=p2_1540955443304.jpg
31.10.2018 04:39:12: type=application/octet-stream
31.10.2018 04:39:12: tmp_name=C:\xampp\tmp\php6C94.tmp
31.10.2018 04:39:12: error=0
31.10.2018 04:39:12: size=106563
31.10.2018 04:39:12: Upload of "coca_cola"
31.10.2018 04:39:12: MoveUploadedFile(p2_1540955443304.jpg)
31.10.2018 04:39:12: ->moving p2_1540955443304.jpg successfull
31.10.2018 04:39:12: name=p2_1540955443304.jpg
31.10.2018 04:39:12: type=application/octet-stream
31.10.2018 04:39:12: tmp_name=C:\xampp\tmp\php6C94.tmp
31.10.2018 04:39:12: error=0
31.10.2018 04:39:12: size=106563
31.10.2018 04:39:12: name=v_1540955443304.mp4
31.10.2018 04:39:12: type=application/octet-stream
31.10.2018 04:39:12: tmp_name=C:\xampp\tmp\php6CD3.tmp
31.10.2018 04:39:12: error=0
31.10.2018 04:39:12: size=45756275
31.10.2018 04:39:12: Upload of "ciucangkol"
31.10.2018 04:39:12: MoveUploadedFile(v_1540955443304.mp4)
31.10.2018 04:39:12: ->moving v_1540955443304.mp4 successfull
31.10.2018 04:39:12: name=v_1540955443304.mp4
31.10.2018 04:39:12: type=application/octet-stream
31.10.2018 04:39:12: tmp_name=C:\xampp\tmp\php6CD3.tmp
31.10.2018 04:39:12: error=0
31.10.2018 04:39:12: size=45756275
======================================
======================================
31.10.2018 05:00:12: note1=336
31.10.2018 05:00:12: note2=def
31.10.2018 05:00:12: action=upload
======================================
======= FILES ========================
31.10.2018 05:00:12: name=p2_1540958282029.jpg
31.10.2018 05:00:12: type=application/octet-stream
31.10.2018 05:00:12: tmp_name=C:\xampp\tmp\php2B23.tmp
31.10.2018 05:00:12: error=0
31.10.2018 05:00:12: size=66755
31.10.2018 05:00:12: Upload of "coca_cola"
31.10.2018 05:00:12: MoveUploadedFile(p2_1540958282029.jpg)
31.10.2018 05:00:12: ->moving p2_1540958282029.jpg successfull
31.10.2018 05:00:12: name=p2_1540958282029.jpg
31.10.2018 05:00:12: type=application/octet-stream
31.10.2018 05:00:12: tmp_name=C:\xampp\tmp\php2B23.tmp
31.10.2018 05:00:12: error=0
31.10.2018 05:00:12: size=66755
======================================
======================================
31.10.2018 05:01:05: note1=337
31.10.2018 05:01:05: note2=def
31.10.2018 05:01:05: action=upload
======================================
======= FILES ========================
31.10.2018 05:01:05: name=p2_1540958282029.jpg
31.10.2018 05:01:05: type=application/octet-stream
31.10.2018 05:01:05: tmp_name=C:\xampp\tmp\phpFBDB.tmp
31.10.2018 05:01:05: error=0
31.10.2018 05:01:05: size=65929
31.10.2018 05:01:05: Upload of "coca_cola"
31.10.2018 05:01:05: MoveUploadedFile(p2_1540958282029.jpg)
31.10.2018 05:01:05: ->moving p2_1540958282029.jpg successfull
31.10.2018 05:01:05: name=p2_1540958282029.jpg
31.10.2018 05:01:05: type=application/octet-stream
31.10.2018 05:01:05: tmp_name=C:\xampp\tmp\phpFBDB.tmp
31.10.2018 05:01:05: error=0
31.10.2018 05:01:05: size=65929
======================================
======================================
25.11.2018 10:03:36: note1=338
25.11.2018 10:03:36: note2=def
25.11.2018 10:03:36: action=upload
======================================
======= FILES ========================
25.11.2018 10:03:36: name=p1_1543136593446.jpg
25.11.2018 10:03:36: type=application/octet-stream
25.11.2018 10:03:36: tmp_name=C:\xampp\tmp\php28D7.tmp
25.11.2018 10:03:36: error=0
25.11.2018 10:03:36: size=91713
25.11.2018 10:03:36: Upload of "Aufnahme"
25.11.2018 10:03:36: MoveUploadedFile(p1_1543136593446.jpg)
25.11.2018 10:03:36: ->moving p1_1543136593446.jpg successfull
25.11.2018 10:03:36: name=p1_1543136593446.jpg
25.11.2018 10:03:36: type=application/octet-stream
25.11.2018 10:03:36: tmp_name=C:\xampp\tmp\php28D7.tmp
25.11.2018 10:03:36: error=0
25.11.2018 10:03:36: size=91713
25.11.2018 10:03:36: name=p2_1543136593446.jpg
25.11.2018 10:03:36: type=application/octet-stream
25.11.2018 10:03:36: tmp_name=C:\xampp\tmp\php2917.tmp
25.11.2018 10:03:36: error=0
25.11.2018 10:03:36: size=88865
25.11.2018 10:03:36: Upload of "coca_cola"
25.11.2018 10:03:36: MoveUploadedFile(p2_1543136593446.jpg)
25.11.2018 10:03:36: ->moving p2_1543136593446.jpg successfull
25.11.2018 10:03:36: name=p2_1543136593446.jpg
25.11.2018 10:03:36: type=application/octet-stream
25.11.2018 10:03:36: tmp_name=C:\xampp\tmp\php2917.tmp
25.11.2018 10:03:36: error=0
25.11.2018 10:03:36: size=88865
25.11.2018 10:03:36: name=v_1543136593446.mp4
25.11.2018 10:03:36: type=application/octet-stream
25.11.2018 10:03:36: tmp_name=C:\xampp\tmp\php2975.tmp
25.11.2018 10:03:36: error=0
25.11.2018 10:03:36: size=3987871
25.11.2018 10:03:36: Upload of "ciucangkol"
25.11.2018 10:03:36: MoveUploadedFile(v_1543136593446.mp4)
25.11.2018 10:03:36: ->moving v_1543136593446.mp4 successfull
25.11.2018 10:03:36: name=v_1543136593446.mp4
25.11.2018 10:03:36: type=application/octet-stream
25.11.2018 10:03:36: tmp_name=C:\xampp\tmp\php2975.tmp
25.11.2018 10:03:36: error=0
25.11.2018 10:03:36: size=3987871
======================================
======================================
25.11.2018 10:12:25: note1=340
25.11.2018 10:12:25: note2=def
25.11.2018 10:12:25: action=upload
======================================
======= FILES ========================
25.11.2018 10:12:25: name=p1_1543137113882.jpg
25.11.2018 10:12:25: type=application/octet-stream
25.11.2018 10:12:25: tmp_name=C:\xampp\tmp\php3C6E.tmp
25.11.2018 10:12:25: error=0
25.11.2018 10:12:25: size=116072
25.11.2018 10:12:25: Upload of "Aufnahme"
25.11.2018 10:12:25: MoveUploadedFile(p1_1543137113882.jpg)
25.11.2018 10:12:25: ->moving p1_1543137113882.jpg successfull
25.11.2018 10:12:25: name=p1_1543137113882.jpg
25.11.2018 10:12:25: type=application/octet-stream
25.11.2018 10:12:25: tmp_name=C:\xampp\tmp\php3C6E.tmp
25.11.2018 10:12:25: error=0
25.11.2018 10:12:25: size=116072
25.11.2018 10:12:25: name=p2_1543137113882.jpg
25.11.2018 10:12:25: type=application/octet-stream
25.11.2018 10:12:25: tmp_name=C:\xampp\tmp\php3CBD.tmp
25.11.2018 10:12:25: error=0
25.11.2018 10:12:25: size=113431
25.11.2018 10:12:25: Upload of "coca_cola"
25.11.2018 10:12:25: MoveUploadedFile(p2_1543137113882.jpg)
25.11.2018 10:12:25: ->moving p2_1543137113882.jpg successfull
25.11.2018 10:12:25: name=p2_1543137113882.jpg
25.11.2018 10:12:25: type=application/octet-stream
25.11.2018 10:12:25: tmp_name=C:\xampp\tmp\php3CBD.tmp
25.11.2018 10:12:25: error=0
25.11.2018 10:12:25: size=113431
25.11.2018 10:12:25: name=v_1543137113882.mp4
25.11.2018 10:12:25: type=application/octet-stream
25.11.2018 10:12:25: tmp_name=C:\xampp\tmp\php3CFC.tmp
25.11.2018 10:12:25: error=0
25.11.2018 10:12:25: size=4071339
25.11.2018 10:12:25: Upload of "ciucangkol"
25.11.2018 10:12:25: MoveUploadedFile(v_1543137113882.mp4)
25.11.2018 10:12:25: ->moving v_1543137113882.mp4 successfull
25.11.2018 10:12:25: name=v_1543137113882.mp4
25.11.2018 10:12:25: type=application/octet-stream
25.11.2018 10:12:25: tmp_name=C:\xampp\tmp\php3CFC.tmp
25.11.2018 10:12:25: error=0
25.11.2018 10:12:25: size=4071339
======================================
======================================
25.11.2018 11:17:31: note1=340
25.11.2018 11:17:31: note2=def
25.11.2018 11:17:31: action=upload
======================================
======= FILES ========================
25.11.2018 11:17:31: name=p1_1543141028648.jpg
25.11.2018 11:17:31: type=application/octet-stream
25.11.2018 11:17:31: tmp_name=C:\xampp\tmp\phpD392.tmp
25.11.2018 11:17:31: error=0
25.11.2018 11:17:31: size=96410
25.11.2018 11:17:31: Upload of "Aufnahme"
25.11.2018 11:17:31: MoveUploadedFile(p1_1543141028648.jpg)
25.11.2018 11:17:31: ->moving p1_1543141028648.jpg successfull
25.11.2018 11:17:31: name=p1_1543141028648.jpg
25.11.2018 11:17:31: type=application/octet-stream
25.11.2018 11:17:31: tmp_name=C:\xampp\tmp\phpD392.tmp
25.11.2018 11:17:31: error=0
25.11.2018 11:17:31: size=96410
25.11.2018 11:17:31: name=p2_1543141028648.jpg
25.11.2018 11:17:31: type=application/octet-stream
25.11.2018 11:17:31: tmp_name=C:\xampp\tmp\phpD3D2.tmp
25.11.2018 11:17:31: error=0
25.11.2018 11:17:31: size=100868
25.11.2018 11:17:31: Upload of "coca_cola"
25.11.2018 11:17:31: MoveUploadedFile(p2_1543141028648.jpg)
25.11.2018 11:17:31: ->moving p2_1543141028648.jpg successfull
25.11.2018 11:17:31: name=p2_1543141028648.jpg
25.11.2018 11:17:31: type=application/octet-stream
25.11.2018 11:17:31: tmp_name=C:\xampp\tmp\phpD3D2.tmp
25.11.2018 11:17:31: error=0
25.11.2018 11:17:31: size=100868
25.11.2018 11:17:31: name=v_1543141028648.mp4
25.11.2018 11:17:31: type=application/octet-stream
25.11.2018 11:17:31: tmp_name=C:\xampp\tmp\phpD402.tmp
25.11.2018 11:17:31: error=0
25.11.2018 11:17:31: size=4330217
25.11.2018 11:17:31: Upload of "ciucangkol"
25.11.2018 11:17:31: MoveUploadedFile(v_1543141028648.mp4)
25.11.2018 11:17:31: ->moving v_1543141028648.mp4 successfull
25.11.2018 11:17:31: name=v_1543141028648.mp4
25.11.2018 11:17:31: type=application/octet-stream
25.11.2018 11:17:31: tmp_name=C:\xampp\tmp\phpD402.tmp
25.11.2018 11:17:31: error=0
25.11.2018 11:17:31: size=4330217
======================================
======================================
25.11.2018 11:44:52: note1=336
25.11.2018 11:44:52: note2=def
25.11.2018 11:44:52: action=upload
======================================
======= FILES ========================
25.11.2018 11:44:52: name=p1_1543142583423.jpg
25.11.2018 11:44:52: type=application/octet-stream
25.11.2018 11:44:52: tmp_name=C:\xampp\tmp\php23F9.tmp
25.11.2018 11:44:52: error=0
25.11.2018 11:44:52: size=95717
25.11.2018 11:44:52: Upload of "Aufnahme"
25.11.2018 11:44:52: MoveUploadedFile(p1_1543142583423.jpg)
25.11.2018 11:44:52: ->moving p1_1543142583423.jpg successfull
25.11.2018 11:44:52: name=p1_1543142583423.jpg
25.11.2018 11:44:52: type=application/octet-stream
25.11.2018 11:44:52: tmp_name=C:\xampp\tmp\php23F9.tmp
25.11.2018 11:44:52: error=0
25.11.2018 11:44:52: size=95717
25.11.2018 11:44:52: name=p2_1543142583423.jpg
25.11.2018 11:44:52: type=application/octet-stream
25.11.2018 11:44:52: tmp_name=C:\xampp\tmp\php2503.tmp
25.11.2018 11:44:52: error=0
25.11.2018 11:44:52: size=102908
25.11.2018 11:44:52: Upload of "coca_cola"
25.11.2018 11:44:52: MoveUploadedFile(p2_1543142583423.jpg)
25.11.2018 11:44:52: ->moving p2_1543142583423.jpg successfull
25.11.2018 11:44:52: name=p2_1543142583423.jpg
25.11.2018 11:44:52: type=application/octet-stream
25.11.2018 11:44:52: tmp_name=C:\xampp\tmp\php2503.tmp
25.11.2018 11:44:52: error=0
25.11.2018 11:44:52: size=102908
25.11.2018 11:44:52: name=v_1543142583423.mp4
25.11.2018 11:44:52: type=
25.11.2018 11:44:52: tmp_name=
25.11.2018 11:44:52: error=3
25.11.2018 11:44:52: size=0
25.11.2018 11:44:52: Upload of "ciucangkol"
25.11.2018 11:44:52: MoveUploadedFile(v_1543142583423.mp4)
25.11.2018 11:44:52:->moving v_1543142583423.mp4 NOT successfull
25.11.2018 11:44:52: name=v_1543142583423.mp4
25.11.2018 11:44:52: type=
25.11.2018 11:44:52: tmp_name=
25.11.2018 11:44:52: error=3
25.11.2018 11:44:52: size=0
======================================
======================================
25.11.2018 11:46:08: note1=340
25.11.2018 11:46:08: note2=def
25.11.2018 11:46:08: action=upload
======================================
======= FILES ========================
25.11.2018 11:46:08: name=p2_1543142705424.jpg
25.11.2018 11:46:08: type=application/octet-stream
25.11.2018 11:46:08: tmp_name=C:\xampp\tmp\phpF0DC.tmp
25.11.2018 11:46:08: error=0
25.11.2018 11:46:08: size=102908
25.11.2018 11:46:08: Upload of "coca_cola"
25.11.2018 11:46:08: MoveUploadedFile(p2_1543142705424.jpg)
25.11.2018 11:46:08: ->moving p2_1543142705424.jpg successfull
25.11.2018 11:46:08: name=p2_1543142705424.jpg
25.11.2018 11:46:08: type=application/octet-stream
25.11.2018 11:46:08: tmp_name=C:\xampp\tmp\phpF0DC.tmp
25.11.2018 11:46:08: error=0
25.11.2018 11:46:08: size=102908
25.11.2018 11:46:08: name=v_1543142705424.mp4
25.11.2018 11:46:08: type=
25.11.2018 11:46:08: tmp_name=
25.11.2018 11:46:08: error=3
25.11.2018 11:46:08: size=0
25.11.2018 11:46:08: Upload of "ciucangkol"
25.11.2018 11:46:08: MoveUploadedFile(v_1543142705424.mp4)
25.11.2018 11:46:08:->moving v_1543142705424.mp4 NOT successfull
25.11.2018 11:46:08: name=v_1543142705424.mp4
25.11.2018 11:46:08: type=
25.11.2018 11:46:08: tmp_name=
25.11.2018 11:46:08: error=3
25.11.2018 11:46:08: size=0
======================================
======================================
25.11.2018 11:47:26: note1=336
25.11.2018 11:47:26: note2=def
25.11.2018 11:47:26: action=upload
======================================
======= FILES ========================
25.11.2018 11:47:26: name=p2_1543142783164.jpg
25.11.2018 11:47:26: type=application/octet-stream
25.11.2018 11:47:26: tmp_name=C:\xampp\tmp\phpB3A0.tmp
25.11.2018 11:47:26: error=0
25.11.2018 11:47:26: size=102908
25.11.2018 11:47:26: Upload of "coca_cola"
25.11.2018 11:47:26: MoveUploadedFile(p2_1543142783164.jpg)
25.11.2018 11:47:26: ->moving p2_1543142783164.jpg successfull
25.11.2018 11:47:26: name=p2_1543142783164.jpg
25.11.2018 11:47:26: type=application/octet-stream
25.11.2018 11:47:26: tmp_name=C:\xampp\tmp\phpB3A0.tmp
25.11.2018 11:47:26: error=0
25.11.2018 11:47:26: size=102908
25.11.2018 11:47:26: name=v_1543142783164.mp4
25.11.2018 11:47:26: type=application/octet-stream
25.11.2018 11:47:26: tmp_name=C:\xampp\tmp\phpB4D9.tmp
25.11.2018 11:47:26: error=0
25.11.2018 11:47:26: size=9489013
25.11.2018 11:47:26: Upload of "ciucangkol"
25.11.2018 11:47:26: MoveUploadedFile(v_1543142783164.mp4)
25.11.2018 11:47:26: ->moving v_1543142783164.mp4 successfull
25.11.2018 11:47:26: name=v_1543142783164.mp4
25.11.2018 11:47:26: type=application/octet-stream
25.11.2018 11:47:26: tmp_name=C:\xampp\tmp\phpB4D9.tmp
25.11.2018 11:47:26: error=0
25.11.2018 11:47:26: size=9489013
======================================
======================================
25.11.2018 13:19:12: note1=340
25.11.2018 13:19:12: note2=def
25.11.2018 13:19:12: action=upload
======================================
======= FILES ========================
25.11.2018 13:19:12: name=p1_1543148290006.jpg
25.11.2018 13:19:12: type=application/octet-stream
25.11.2018 13:19:12: tmp_name=C:\xampp\tmp\php2DB.tmp
25.11.2018 13:19:12: error=0
25.11.2018 13:19:12: size=123287
25.11.2018 13:19:12: Upload of "Aufnahme"
25.11.2018 13:19:12: MoveUploadedFile(p1_1543148290006.jpg)
25.11.2018 13:19:12: ->moving p1_1543148290006.jpg successfull
25.11.2018 13:19:12: name=p1_1543148290006.jpg
25.11.2018 13:19:12: type=application/octet-stream
25.11.2018 13:19:12: tmp_name=C:\xampp\tmp\php2DB.tmp
25.11.2018 13:19:12: error=0
25.11.2018 13:19:12: size=123287
25.11.2018 13:19:12: name=p2_1543148290006.jpg
25.11.2018 13:19:12: type=application/octet-stream
25.11.2018 13:19:12: tmp_name=C:\xampp\tmp\php424.tmp
25.11.2018 13:19:12: error=0
25.11.2018 13:19:12: size=146458
25.11.2018 13:19:12: Upload of "coca_cola"
25.11.2018 13:19:12: MoveUploadedFile(p2_1543148290006.jpg)
25.11.2018 13:19:12: ->moving p2_1543148290006.jpg successfull
25.11.2018 13:19:12: name=p2_1543148290006.jpg
25.11.2018 13:19:12: type=application/octet-stream
25.11.2018 13:19:12: tmp_name=C:\xampp\tmp\php424.tmp
25.11.2018 13:19:12: error=0
25.11.2018 13:19:12: size=146458
25.11.2018 13:19:12: name=v_1543148290006.mp4
25.11.2018 13:19:12: type=application/octet-stream
25.11.2018 13:19:12: tmp_name=C:\xampp\tmp\php5E9.tmp
25.11.2018 13:19:12: error=0
25.11.2018 13:19:12: size=5717534
25.11.2018 13:19:12: Upload of "ciucangkol"
25.11.2018 13:19:12: MoveUploadedFile(v_1543148290006.mp4)
25.11.2018 13:19:12: ->moving v_1543148290006.mp4 successfull
25.11.2018 13:19:12: name=v_1543148290006.mp4
25.11.2018 13:19:12: type=application/octet-stream
25.11.2018 13:19:12: tmp_name=C:\xampp\tmp\php5E9.tmp
25.11.2018 13:19:12: error=0
25.11.2018 13:19:12: size=5717534
======================================
======================================
05.12.2018 19:51:44: note1=341
05.12.2018 19:51:44: note2=def
05.12.2018 19:51:44: action=upload
======================================
======= FILES ========================
05.12.2018 19:51:44: name=p1_1544035822697.jpg
05.12.2018 19:51:44: type=application/octet-stream
05.12.2018 19:51:44: tmp_name=C:\xampp\tmp\phpD713.tmp
05.12.2018 19:51:44: error=0
05.12.2018 19:51:44: size=62984
05.12.2018 19:51:44: Upload of "Aufnahme"
05.12.2018 19:51:44: MoveUploadedFile(p1_1544035822697.jpg)
05.12.2018 19:51:44: ->moving p1_1544035822697.jpg successfull
05.12.2018 19:51:44: name=p1_1544035822697.jpg
05.12.2018 19:51:44: type=application/octet-stream
05.12.2018 19:51:44: tmp_name=C:\xampp\tmp\phpD713.tmp
05.12.2018 19:51:44: error=0
05.12.2018 19:51:44: size=62984
05.12.2018 19:51:44: name=p2_1544035822697.jpg
05.12.2018 19:51:44: type=application/octet-stream
05.12.2018 19:51:44: tmp_name=C:\xampp\tmp\phpD733.tmp
05.12.2018 19:51:44: error=0
05.12.2018 19:51:44: size=97211
05.12.2018 19:51:44: Upload of "coca_cola"
05.12.2018 19:51:44: MoveUploadedFile(p2_1544035822697.jpg)
05.12.2018 19:51:44: ->moving p2_1544035822697.jpg successfull
05.12.2018 19:51:44: name=p2_1544035822697.jpg
05.12.2018 19:51:44: type=application/octet-stream
05.12.2018 19:51:44: tmp_name=C:\xampp\tmp\phpD733.tmp
05.12.2018 19:51:44: error=0
05.12.2018 19:51:44: size=97211
05.12.2018 19:51:44: name=v_1544035822697.mp4
05.12.2018 19:51:44: type=application/octet-stream
05.12.2018 19:51:44: tmp_name=C:\xampp\tmp\phpD782.tmp
05.12.2018 19:51:44: error=0
05.12.2018 19:51:44: size=1520172
05.12.2018 19:51:44: Upload of "ciucangkol"
05.12.2018 19:51:44: MoveUploadedFile(v_1544035822697.mp4)
05.12.2018 19:51:44: ->moving v_1544035822697.mp4 successfull
05.12.2018 19:51:44: name=v_1544035822697.mp4
05.12.2018 19:51:44: type=application/octet-stream
05.12.2018 19:51:44: tmp_name=C:\xampp\tmp\phpD782.tmp
05.12.2018 19:51:44: error=0
05.12.2018 19:51:44: size=1520172
======================================
======================================
06.12.2018 03:42:58: note1=342
06.12.2018 03:42:58: note2=def
06.12.2018 03:42:58: action=upload
======================================
======= FILES ========================
06.12.2018 03:42:58: name=p1_1544064125985.jpg
06.12.2018 03:42:58: type=application/octet-stream
06.12.2018 03:42:58: tmp_name=C:\xampp\tmp\phpB00C.tmp
06.12.2018 03:42:58: error=0
06.12.2018 03:42:58: size=107999
06.12.2018 03:42:58: Upload of "Aufnahme"
06.12.2018 03:42:58: MoveUploadedFile(p1_1544064125985.jpg)
06.12.2018 03:42:58: ->moving p1_1544064125985.jpg successfull
06.12.2018 03:42:58: name=p1_1544064125985.jpg
06.12.2018 03:42:58: type=application/octet-stream
06.12.2018 03:42:58: tmp_name=C:\xampp\tmp\phpB00C.tmp
06.12.2018 03:42:58: error=0
06.12.2018 03:42:58: size=107999
06.12.2018 03:42:58: name=p2_1544064125985.jpg
06.12.2018 03:42:58: type=application/octet-stream
06.12.2018 03:42:58: tmp_name=C:\xampp\tmp\phpB0E8.tmp
06.12.2018 03:42:58: error=0
06.12.2018 03:42:58: size=112818
06.12.2018 03:42:58: Upload of "coca_cola"
06.12.2018 03:42:58: MoveUploadedFile(p2_1544064125985.jpg)
06.12.2018 03:42:58: ->moving p2_1544064125985.jpg successfull
06.12.2018 03:42:58: name=p2_1544064125985.jpg
06.12.2018 03:42:58: type=application/octet-stream
06.12.2018 03:42:58: tmp_name=C:\xampp\tmp\phpB0E8.tmp
06.12.2018 03:42:58: error=0
06.12.2018 03:42:58: size=112818
======================================
======================================
06.12.2018 03:45:56: note1=342
06.12.2018 03:45:56: note2=def
06.12.2018 03:45:56: action=upload
======================================
======= FILES ========================
06.12.2018 03:45:56: name=p1_1544064328638.jpg
06.12.2018 03:45:56: type=application/octet-stream
06.12.2018 03:45:56: tmp_name=C:\xampp\tmp\php647E.tmp
06.12.2018 03:45:56: error=0
06.12.2018 03:45:56: size=130829
06.12.2018 03:45:56: Upload of "Aufnahme"
06.12.2018 03:45:56: MoveUploadedFile(p1_1544064328638.jpg)
06.12.2018 03:45:56: ->moving p1_1544064328638.jpg successfull
06.12.2018 03:45:56: name=p1_1544064328638.jpg
06.12.2018 03:45:56: type=application/octet-stream
06.12.2018 03:45:56: tmp_name=C:\xampp\tmp\php647E.tmp
06.12.2018 03:45:56: error=0
06.12.2018 03:45:56: size=130829
06.12.2018 03:45:56: name=p2_1544064328638.jpg
06.12.2018 03:45:56: type=application/octet-stream
06.12.2018 03:45:56: tmp_name=C:\xampp\tmp\php6615.tmp
06.12.2018 03:45:56: error=0
06.12.2018 03:45:56: size=73369
06.12.2018 03:45:56: Upload of "coca_cola"
06.12.2018 03:45:56: MoveUploadedFile(p2_1544064328638.jpg)
06.12.2018 03:45:56: ->moving p2_1544064328638.jpg successfull
06.12.2018 03:45:56: name=p2_1544064328638.jpg
06.12.2018 03:45:56: type=application/octet-stream
06.12.2018 03:45:56: tmp_name=C:\xampp\tmp\php6615.tmp
06.12.2018 03:45:56: error=0
06.12.2018 03:45:56: size=73369
======================================
======================================
06.12.2018 04:10:39: note1=344
06.12.2018 04:10:39: note2=def
06.12.2018 04:10:39: action=upload
======================================
======= FILES ========================
06.12.2018 04:10:39: name=p1_1544065715177.jpg
06.12.2018 04:10:39: type=application/octet-stream
06.12.2018 04:10:39: tmp_name=C:\xampp\tmp\phpB3B.tmp
06.12.2018 04:10:39: error=0
06.12.2018 04:10:39: size=103413
06.12.2018 04:10:39: Upload of "Aufnahme"
06.12.2018 04:10:39: MoveUploadedFile(p1_1544065715177.jpg)
06.12.2018 04:10:39: ->moving p1_1544065715177.jpg successfull
06.12.2018 04:10:39: name=p1_1544065715177.jpg
06.12.2018 04:10:39: type=application/octet-stream
06.12.2018 04:10:39: tmp_name=C:\xampp\tmp\phpB3B.tmp
06.12.2018 04:10:39: error=0
06.12.2018 04:10:39: size=103413
======================================
======================================
12.02.2019 19:45:16: note1=948
12.02.2019 19:45:16: note2=def
12.02.2019 19:45:16: action=upload
======================================
======= FILES ========================
12.02.2019 19:45:16: name=p1_1549997048296.jpg
12.02.2019 19:45:16: type=application/octet-stream
12.02.2019 19:45:16: tmp_name=C:\xampp\tmp\php8F92.tmp
12.02.2019 19:45:16: error=0
12.02.2019 19:45:16: size=100853
12.02.2019 19:45:16: Upload of "Aufnahme"
12.02.2019 19:45:16: MoveUploadedFile(p1_1549997048296.jpg)
12.02.2019 19:45:16: ->moving p1_1549997048296.jpg successfull
12.02.2019 19:45:16: name=p1_1549997048296.jpg
12.02.2019 19:45:16: type=application/octet-stream
12.02.2019 19:45:16: tmp_name=C:\xampp\tmp\php8F92.tmp
12.02.2019 19:45:16: error=0
12.02.2019 19:45:16: size=100853
12.02.2019 19:45:16: name=p2_1549997048296.jpg
12.02.2019 19:45:16: type=application/octet-stream
12.02.2019 19:45:16: tmp_name=C:\xampp\tmp\php8FC2.tmp
12.02.2019 19:45:16: error=0
12.02.2019 19:45:16: size=95320
12.02.2019 19:45:16: Upload of "coca_cola"
12.02.2019 19:45:16: MoveUploadedFile(p2_1549997048296.jpg)
12.02.2019 19:45:16: ->moving p2_1549997048296.jpg successfull
12.02.2019 19:45:16: name=p2_1549997048296.jpg
12.02.2019 19:45:16: type=application/octet-stream
12.02.2019 19:45:16: tmp_name=C:\xampp\tmp\php8FC2.tmp
12.02.2019 19:45:16: error=0
12.02.2019 19:45:16: size=95320
======================================
======================================
12.02.2019 21:21:11: note1=949
12.02.2019 21:21:11: note2=def
12.02.2019 21:21:11: action=upload
======================================
======= FILES ========================
12.02.2019 21:21:11: name=p1_1550002808399.jpg
12.02.2019 21:21:11: type=application/octet-stream
12.02.2019 21:21:11: tmp_name=C:\xampp\tmp\php5F04.tmp
12.02.2019 21:21:11: error=0
12.02.2019 21:21:11: size=84897
12.02.2019 21:21:11: Upload of "Aufnahme"
12.02.2019 21:21:11: MoveUploadedFile(p1_1550002808399.jpg)
12.02.2019 21:21:11: ->moving p1_1550002808399.jpg successfull
12.02.2019 21:21:11: name=p1_1550002808399.jpg
12.02.2019 21:21:11: type=application/octet-stream
12.02.2019 21:21:11: tmp_name=C:\xampp\tmp\php5F04.tmp
12.02.2019 21:21:11: error=0
12.02.2019 21:21:11: size=84897
12.02.2019 21:21:11: name=p2_1550002808399.jpg
12.02.2019 21:21:11: type=application/octet-stream
12.02.2019 21:21:11: tmp_name=C:\xampp\tmp\php5F25.tmp
12.02.2019 21:21:11: error=0
12.02.2019 21:21:11: size=101283
12.02.2019 21:21:11: Upload of "coca_cola"
12.02.2019 21:21:11: MoveUploadedFile(p2_1550002808399.jpg)
12.02.2019 21:21:11: ->moving p2_1550002808399.jpg successfull
12.02.2019 21:21:11: name=p2_1550002808399.jpg
12.02.2019 21:21:11: type=application/octet-stream
12.02.2019 21:21:11: tmp_name=C:\xampp\tmp\php5F25.tmp
12.02.2019 21:21:11: error=0
12.02.2019 21:21:11: size=101283
======================================
======================================
12.02.2019 21:24:55: note1=950
12.02.2019 21:24:55: note2=def
12.02.2019 21:24:55: action=upload
======================================
======= FILES ========================
12.02.2019 21:24:55: name=p1_1550003013640.jpg
12.02.2019 21:24:55: type=application/octet-stream
12.02.2019 21:24:55: tmp_name=C:\xampp\tmp\phpCC2A.tmp
12.02.2019 21:24:55: error=0
12.02.2019 21:24:55: size=125483
12.02.2019 21:24:55: Upload of "Aufnahme"
12.02.2019 21:24:55: MoveUploadedFile(p1_1550003013640.jpg)
12.02.2019 21:24:55: ->moving p1_1550003013640.jpg successfull
12.02.2019 21:24:55: name=p1_1550003013640.jpg
12.02.2019 21:24:55: type=application/octet-stream
12.02.2019 21:24:55: tmp_name=C:\xampp\tmp\phpCC2A.tmp
12.02.2019 21:24:55: error=0
12.02.2019 21:24:55: size=125483
12.02.2019 21:24:55: name=p2_1550003013640.jpg
12.02.2019 21:24:55: type=application/octet-stream
12.02.2019 21:24:55: tmp_name=C:\xampp\tmp\phpCC5A.tmp
12.02.2019 21:24:55: error=0
12.02.2019 21:24:55: size=102030
12.02.2019 21:24:55: Upload of "coca_cola"
12.02.2019 21:24:55: MoveUploadedFile(p2_1550003013640.jpg)
12.02.2019 21:24:55: ->moving p2_1550003013640.jpg successfull
12.02.2019 21:24:55: name=p2_1550003013640.jpg
12.02.2019 21:24:55: type=application/octet-stream
12.02.2019 21:24:55: tmp_name=C:\xampp\tmp\phpCC5A.tmp
12.02.2019 21:24:55: error=0
12.02.2019 21:24:55: size=102030
======================================
======================================
14.02.2022 20:32:15: action=upload
14.02.2022 20:32:15: uplname=laporan0
======================================
======= FILES ========================
14.02.2022 20:32:15: name=v_1644867113251.mp4
14.02.2022 20:32:15: type=video/mp4
14.02.2022 20:32:15: tmp_name=C:\xampp\tmp\php2761.tmp
14.02.2022 20:32:15: error=0
14.02.2022 20:32:15: size=4576376
14.02.2022 20:32:15: Upload of "laporan0"
14.02.2022 20:32:15: name=v_1644867113251.mp4
14.02.2022 20:32:15: type=video/mp4
14.02.2022 20:32:15: tmp_name=C:\xampp\tmp\php2761.tmp
14.02.2022 20:32:15: error=0
14.02.2022 20:32:15: size=4576376
======================================
======================================
14.02.2022 20:32:18: action=upload
14.02.2022 20:32:18: uplname=laporan1
======================================
======= FILES ========================
14.02.2022 20:32:18: name=v_1644867113251.mp4
14.02.2022 20:32:18: type=video/mp4
14.02.2022 20:32:18: tmp_name=C:\xampp\tmp\php306D.tmp
14.02.2022 20:32:18: error=0
14.02.2022 20:32:18: size=4576376
14.02.2022 20:32:18: Upload of "laporan0"
14.02.2022 20:32:18: name=v_1644867113251.mp4
14.02.2022 20:32:18: type=video/mp4
14.02.2022 20:32:18: tmp_name=C:\xampp\tmp\php306D.tmp
14.02.2022 20:32:18: error=0
14.02.2022 20:32:18: size=4576376
======================================
======================================
14.02.2022 20:32:21: action=upload
14.02.2022 20:32:21: uplname=laporan2
======================================
======= FILES ========================
14.02.2022 20:32:21: name=v_1644867113251.mp4
14.02.2022 20:32:21: type=video/mp4
14.02.2022 20:32:21: tmp_name=C:\xampp\tmp\php3A35.tmp
14.02.2022 20:32:21: error=0
14.02.2022 20:32:21: size=4576376
14.02.2022 20:32:21: Upload of "laporan0"
14.02.2022 20:32:21: name=v_1644867113251.mp4
14.02.2022 20:32:21: type=video/mp4
14.02.2022 20:32:21: tmp_name=C:\xampp\tmp\php3A35.tmp
14.02.2022 20:32:21: error=0
14.02.2022 20:32:21: size=4576376
======================================
======================================
14.02.2022 20:32:23: action=upload
14.02.2022 20:32:23: uplname=laporan3
======================================
======= FILES ========================
14.02.2022 20:32:23: name=v_1644867113251.mp4
14.02.2022 20:32:23: type=video/mp4
14.02.2022 20:32:23: tmp_name=C:\xampp\tmp\php45D2.tmp
14.02.2022 20:32:23: error=0
14.02.2022 20:32:23: size=4576376
14.02.2022 20:32:23: Upload of "laporan0"
14.02.2022 20:32:23: name=v_1644867113251.mp4
14.02.2022 20:32:23: type=video/mp4
14.02.2022 20:32:23: tmp_name=C:\xampp\tmp\php45D2.tmp
14.02.2022 20:32:23: error=0
14.02.2022 20:32:23: size=4576376
======================================
======================================
14.02.2022 20:34:08: action=upload
14.02.2022 20:34:08: uplname=laporan0
======================================
======= FILES ========================
14.02.2022 20:34:08: name=f_1644867241900.jpg
14.02.2022 20:34:08: type=image/jpg
14.02.2022 20:34:08: tmp_name=C:\xampp\tmp\phpE80B.tmp
14.02.2022 20:34:08: error=0
14.02.2022 20:34:08: size=16187
14.02.2022 20:34:08: Upload of "laporan0"
14.02.2022 20:34:08: name=f_1644867241900.jpg
14.02.2022 20:34:08: type=image/jpg
14.02.2022 20:34:08: tmp_name=C:\xampp\tmp\phpE80B.tmp
14.02.2022 20:34:08: error=0
14.02.2022 20:34:08: size=16187
======================================
======================================
14.02.2022 20:34:09: action=upload
14.02.2022 20:34:09: uplname=laporan1
======================================
======= FILES ========================
14.02.2022 20:34:09: name=f_1644867241900.jpg
14.02.2022 20:34:09: type=image/jpg
14.02.2022 20:34:09: tmp_name=C:\xampp\tmp\phpEA4F.tmp
14.02.2022 20:34:09: error=0
14.02.2022 20:34:09: size=16187
14.02.2022 20:34:09: Upload of "laporan0"
14.02.2022 20:34:09: name=f_1644867241900.jpg
14.02.2022 20:34:09: type=image/jpg
14.02.2022 20:34:09: tmp_name=C:\xampp\tmp\phpEA4F.tmp
14.02.2022 20:34:09: error=0
14.02.2022 20:34:09: size=16187
======================================
======================================
14.02.2022 20:38:37: action=upload
14.02.2022 20:38:37: uplname=laporan0
======================================
======= FILES ========================
14.02.2022 20:38:37: name=f_1644867510627.jpg
14.02.2022 20:38:37: type=image/jpg
14.02.2022 20:38:37: tmp_name=C:\xampp\tmp\php16F.tmp
14.02.2022 20:38:37: error=0
14.02.2022 20:38:37: size=19320
14.02.2022 20:38:37: Upload of "laporan0"
14.02.2022 20:38:37: name=f_1644867510627.jpg
14.02.2022 20:38:37: type=image/jpg
14.02.2022 20:38:37: tmp_name=C:\xampp\tmp\php16F.tmp
14.02.2022 20:38:37: error=0
14.02.2022 20:38:37: size=19320
======================================
======================================
14.02.2022 20:38:37: action=upload
14.02.2022 20:38:37: uplname=laporan1
======================================
======= FILES ========================
14.02.2022 20:38:37: name=f_1644867510627.jpg
14.02.2022 20:38:37: type=image/jpg
14.02.2022 20:38:37: tmp_name=C:\xampp\tmp\php2C9.tmp
14.02.2022 20:38:37: error=0
14.02.2022 20:38:37: size=19320
14.02.2022 20:38:37: Upload of "laporan0"
14.02.2022 20:38:37: name=f_1644867510627.jpg
14.02.2022 20:38:37: type=image/jpg
14.02.2022 20:38:37: tmp_name=C:\xampp\tmp\php2C9.tmp
14.02.2022 20:38:37: error=0
14.02.2022 20:38:37: size=19320
======================================
======================================
14.02.2022 20:39:31: action=upload
14.02.2022 20:39:31: uplname=laporan0
======================================
======= FILES ========================
14.02.2022 20:39:31: name=f_1644867565335.jpg
14.02.2022 20:39:31: type=image/jpg
14.02.2022 20:39:31: tmp_name=C:\xampp\tmp\phpD647.tmp
14.02.2022 20:39:31: error=0
14.02.2022 20:39:31: size=13185
14.02.2022 20:39:31: Upload of "laporan0"
14.02.2022 20:39:31: name=f_1644867565335.jpg
14.02.2022 20:39:31: type=image/jpg
14.02.2022 20:39:31: tmp_name=C:\xampp\tmp\phpD647.tmp
14.02.2022 20:39:31: error=0
14.02.2022 20:39:31: size=13185
======================================
