======================================
18.11.2017 05:26:35: note1=57
18.11.2017 05:26:35: note2=def
18.11.2017 05:26:35: action=upload
======================================
======= FILES ========================
18.11.2017 05:26:35: name=p1_1510982634528.jpg
18.11.2017 05:26:35: type=application/octet-stream
18.11.2017 05:26:35: tmp_name=/tmp/phpn8MCBE
18.11.2017 05:26:35: error=0
18.11.2017 05:26:35: size=110592
18.11.2017 05:26:35: Upload of "Aufnahme"
18.11.2017 05:26:35: MoveUploadedFile(p1_1510982634528.jpg)
18.11.2017 05:26:35: ->moving p1_1510982634528.jpg successfull
18.11.2017 05:26:35: name=p1_1510982634528.jpg
18.11.2017 05:26:35: type=application/octet-stream
18.11.2017 05:26:35: tmp_name=/tmp/phpn8MCBE
18.11.2017 05:26:35: error=0
18.11.2017 05:26:35: size=110592
18.11.2017 05:26:35: name=p2_1510982634528.jpg
18.11.2017 05:26:35: type=application/octet-stream
18.11.2017 05:26:35: tmp_name=/tmp/phptZLxvo
18.11.2017 05:26:35: error=0
18.11.2017 05:26:35: size=98592
18.11.2017 05:26:35: Upload of "coca_cola"
18.11.2017 05:26:35: MoveUploadedFile(p2_1510982634528.jpg)
18.11.2017 05:26:35: ->moving p2_1510982634528.jpg successfull
18.11.2017 05:26:35: name=p2_1510982634528.jpg
18.11.2017 05:26:35: type=application/octet-stream
18.11.2017 05:26:35: tmp_name=/tmp/phptZLxvo
18.11.2017 05:26:35: error=0
18.11.2017 05:26:35: size=98592
18.11.2017 05:26:35: name=v_1510982634528.mp4
18.11.2017 05:26:35: type=
18.11.2017 05:26:35: tmp_name=
18.11.2017 05:26:35: error=1
18.11.2017 05:26:35: size=0
18.11.2017 05:26:35: Upload of "ciucangkol"
18.11.2017 05:26:35: MoveUploadedFile(v_1510982634528.mp4)
18.11.2017 05:26:35:->moving v_1510982634528.mp4 NOT successfull
18.11.2017 05:26:35: name=v_1510982634528.mp4
18.11.2017 05:26:35: type=
18.11.2017 05:26:35: tmp_name=
18.11.2017 05:26:35: error=1
18.11.2017 05:26:35: size=0
======================================
======================================
18.11.2017 05:34:07: note1=58
18.11.2017 05:34:07: note2=def
18.11.2017 05:34:07: action=upload
======================================
======= FILES ========================
18.11.2017 05:34:07: name=p1_1510983200236.jpg
18.11.2017 05:34:07: type=application/octet-stream
18.11.2017 05:34:07: tmp_name=/tmp/phpYUf72o
18.11.2017 05:34:07: error=0
18.11.2017 05:34:07: size=109158
18.11.2017 05:34:07: Upload of "Aufnahme"
18.11.2017 05:34:07: MoveUploadedFile(p1_1510983200236.jpg)
18.11.2017 05:34:07: ->moving p1_1510983200236.jpg successfull
18.11.2017 05:34:07: name=p1_1510983200236.jpg
18.11.2017 05:34:07: type=application/octet-stream
18.11.2017 05:34:07: tmp_name=/tmp/phpYUf72o
18.11.2017 05:34:07: error=0
18.11.2017 05:34:07: size=109158
18.11.2017 05:34:07: name=p2_1510983200236.jpg
18.11.2017 05:34:07: type=application/octet-stream
18.11.2017 05:34:07: tmp_name=/tmp/phplJzL8S
18.11.2017 05:34:07: error=0
18.11.2017 05:34:07: size=111585
18.11.2017 05:34:07: Upload of "coca_cola"
18.11.2017 05:34:07: MoveUploadedFile(p2_1510983200236.jpg)
18.11.2017 05:34:07: ->moving p2_1510983200236.jpg successfull
18.11.2017 05:34:07: name=p2_1510983200236.jpg
18.11.2017 05:34:07: type=application/octet-stream
18.11.2017 05:34:07: tmp_name=/tmp/phplJzL8S
18.11.2017 05:34:07: error=0
18.11.2017 05:34:07: size=111585
18.11.2017 05:34:07: name=v_1510983200236.mp4
18.11.2017 05:34:07: type=application/octet-stream
18.11.2017 05:34:07: tmp_name=/tmp/phpT7MXHp
18.11.2017 05:34:07: error=0
18.11.2017 05:34:07: size=554322
18.11.2017 05:34:07: Upload of "ciucangkol"
18.11.2017 05:34:07: MoveUploadedFile(v_1510983200236.mp4)
18.11.2017 05:34:07: ->moving v_1510983200236.mp4 successfull
18.11.2017 05:34:07: name=v_1510983200236.mp4
18.11.2017 05:34:07: type=application/octet-stream
18.11.2017 05:34:07: tmp_name=/tmp/phpT7MXHp
18.11.2017 05:34:07: error=0
18.11.2017 05:34:07: size=554322
======================================
======================================
18.11.2017 06:16:52: note1=59
18.11.2017 06:16:52: note2=def
18.11.2017 06:16:52: action=upload
======================================
======= FILES ========================
18.11.2017 06:16:52: name=p1_1510985659092.jpg
18.11.2017 06:16:52: type=application/octet-stream
18.11.2017 06:16:52: tmp_name=/tmp/phpyPhY7L
18.11.2017 06:16:52: error=0
18.11.2017 06:16:52: size=124199
18.11.2017 06:16:52: Upload of "Aufnahme"
18.11.2017 06:16:52: MoveUploadedFile(p1_1510985659092.jpg)
18.11.2017 06:16:52: ->moving p1_1510985659092.jpg successfull
18.11.2017 06:16:52: name=p1_1510985659092.jpg
18.11.2017 06:16:52: type=application/octet-stream
18.11.2017 06:16:52: tmp_name=/tmp/phpyPhY7L
18.11.2017 06:16:52: error=0
18.11.2017 06:16:52: size=124199
======================================
======================================
18.11.2017 06:50:02: note1=60
18.11.2017 06:50:02: note2=def
18.11.2017 06:50:02: action=upload
======================================
======= FILES ========================
18.11.2017 06:50:02: name=p1_1510984217034.jpg
18.11.2017 06:50:02: type=application/octet-stream
18.11.2017 06:50:02: tmp_name=/tmp/phpieorpR
18.11.2017 06:50:02: error=0
18.11.2017 06:50:02: size=97275
18.11.2017 06:50:02: Upload of "Aufnahme"
18.11.2017 06:50:02: MoveUploadedFile(p1_1510984217034.jpg)
18.11.2017 06:50:02: ->moving p1_1510984217034.jpg successfull
18.11.2017 06:50:02: name=p1_1510984217034.jpg
18.11.2017 06:50:02: type=application/octet-stream
18.11.2017 06:50:02: tmp_name=/tmp/phpieorpR
18.11.2017 06:50:02: error=0
18.11.2017 06:50:02: size=97275
======================================
======================================
19.11.2017 04:23:16: note1=61
19.11.2017 04:23:16: note2=def
19.11.2017 04:23:16: action=upload
======================================
======= FILES ========================
19.11.2017 04:23:16: name=p1_1511064967438.jpg
19.11.2017 04:23:16: type=application/octet-stream
19.11.2017 04:23:16: tmp_name=/tmp/phpd0vG8t
19.11.2017 04:23:16: error=0
19.11.2017 04:23:16: size=236320
19.11.2017 04:23:16: Upload of "Aufnahme"
19.11.2017 04:23:16: MoveUploadedFile(p1_1511064967438.jpg)
19.11.2017 04:23:16: ->moving p1_1511064967438.jpg successfull
19.11.2017 04:23:16: name=p1_1511064967438.jpg
19.11.2017 04:23:16: type=application/octet-stream
19.11.2017 04:23:16: tmp_name=/tmp/phpd0vG8t
19.11.2017 04:23:16: error=0
19.11.2017 04:23:16: size=236320
======================================
======================================
19.11.2017 06:34:41: note1=67
19.11.2017 06:34:41: note2=def
19.11.2017 06:34:41: action=upload
======================================
======= FILES ========================
19.11.2017 06:34:41: name=p1_1511073224176.jpg
19.11.2017 06:34:41: type=application/octet-stream
19.11.2017 06:34:41: tmp_name=/tmp/phpOIdlKn
19.11.2017 06:34:41: error=0
19.11.2017 06:34:41: size=64248
19.11.2017 06:34:41: Upload of "Aufnahme"
19.11.2017 06:34:41: MoveUploadedFile(p1_1511073224176.jpg)
19.11.2017 06:34:41: ->moving p1_1511073224176.jpg successfull
19.11.2017 06:34:41: name=p1_1511073224176.jpg
19.11.2017 06:34:41: type=application/octet-stream
19.11.2017 06:34:41: tmp_name=/tmp/phpOIdlKn
19.11.2017 06:34:41: error=0
19.11.2017 06:34:41: size=64248
19.11.2017 06:34:41: name=p2_1511073224176.jpg
19.11.2017 06:34:41: type=application/octet-stream
19.11.2017 06:34:41: tmp_name=/tmp/php981liq
19.11.2017 06:34:41: error=0
19.11.2017 06:34:41: size=73873
19.11.2017 06:34:41: Upload of "coca_cola"
19.11.2017 06:34:41: MoveUploadedFile(p2_1511073224176.jpg)
19.11.2017 06:34:41: ->moving p2_1511073224176.jpg successfull
19.11.2017 06:34:41: name=p2_1511073224176.jpg
19.11.2017 06:34:41: type=application/octet-stream
19.11.2017 06:34:41: tmp_name=/tmp/php981liq
19.11.2017 06:34:41: error=0
19.11.2017 06:34:41: size=73873
======================================
======================================
19.11.2017 17:14:24: note1=88
19.11.2017 17:14:24: note2=def
19.11.2017 17:14:24: action=upload
======================================
======= FILES ========================
19.11.2017 17:14:24: name=p1_1511111524269.jpg
19.11.2017 17:14:24: type=application/octet-stream
19.11.2017 17:14:24: tmp_name=/tmp/php3yuItp
19.11.2017 17:14:24: error=0
19.11.2017 17:14:24: size=124597
19.11.2017 17:14:24: Upload of "Aufnahme"
19.11.2017 17:14:24: MoveUploadedFile(p1_1511111524269.jpg)
19.11.2017 17:14:24: ->moving p1_1511111524269.jpg successfull
19.11.2017 17:14:24: name=p1_1511111524269.jpg
19.11.2017 17:14:24: type=application/octet-stream
19.11.2017 17:14:24: tmp_name=/tmp/php3yuItp
19.11.2017 17:14:24: error=0
19.11.2017 17:14:24: size=124597
19.11.2017 17:14:24: name=p2_1511111524269.jpg
19.11.2017 17:14:24: type=application/octet-stream
19.11.2017 17:14:24: tmp_name=/tmp/phpGCgOHu
19.11.2017 17:14:24: error=0
19.11.2017 17:14:24: size=130978
19.11.2017 17:14:24: Upload of "coca_cola"
19.11.2017 17:14:24: MoveUploadedFile(p2_1511111524269.jpg)
19.11.2017 17:14:24: ->moving p2_1511111524269.jpg successfull
19.11.2017 17:14:24: name=p2_1511111524269.jpg
19.11.2017 17:14:24: type=application/octet-stream
19.11.2017 17:14:24: tmp_name=/tmp/phpGCgOHu
19.11.2017 17:14:24: error=0
19.11.2017 17:14:24: size=130978
======================================
======================================
19.11.2017 17:19:36: note1=89
19.11.2017 17:19:36: note2=def
19.11.2017 17:19:36: action=upload
======================================
======= FILES ========================
19.11.2017 17:19:36: name=p1_1511111872932.jpg
19.11.2017 17:19:36: type=application/octet-stream
19.11.2017 17:19:36: tmp_name=/tmp/phpCbST6z
19.11.2017 17:19:36: error=0
19.11.2017 17:19:36: size=143491
19.11.2017 17:19:36: Upload of "Aufnahme"
19.11.2017 17:19:36: MoveUploadedFile(p1_1511111872932.jpg)
19.11.2017 17:19:36: ->moving p1_1511111872932.jpg successfull
19.11.2017 17:19:36: name=p1_1511111872932.jpg
19.11.2017 17:19:36: type=application/octet-stream
19.11.2017 17:19:36: tmp_name=/tmp/phpCbST6z
19.11.2017 17:19:36: error=0
19.11.2017 17:19:36: size=143491
======================================
======================================
20.11.2017 00:58:05: note1=abc
20.11.2017 00:58:05: note2=def
20.11.2017 00:58:05: action=upload
======================================
======= FILES ========================
20.11.2017 00:58:05: name=p1_1511139450944.jpg
20.11.2017 00:58:05: type=application/octet-stream
20.11.2017 00:58:05: tmp_name=/tmp/phppOz1Og
20.11.2017 00:58:05: error=0
20.11.2017 00:58:05: size=28772
20.11.2017 00:58:05: Upload of "Aufnahme"
20.11.2017 00:58:05: MoveUploadedFile(p1_1511139450944.jpg)
20.11.2017 00:58:05: ->moving p1_1511139450944.jpg successfull
20.11.2017 00:58:05: name=p1_1511139450944.jpg
20.11.2017 00:58:05: type=application/octet-stream
20.11.2017 00:58:05: tmp_name=/tmp/phppOz1Og
20.11.2017 00:58:05: error=0
20.11.2017 00:58:05: size=28772
20.11.2017 00:58:05: name=p2_1511139450944.jpg
20.11.2017 00:58:05: type=application/octet-stream
20.11.2017 00:58:05: tmp_name=/tmp/phpYGPbla
20.11.2017 00:58:05: error=0
20.11.2017 00:58:05: size=42906
20.11.2017 00:58:05: Upload of "coca_cola"
20.11.2017 00:58:05: MoveUploadedFile(p2_1511139450944.jpg)
20.11.2017 00:58:05: ->moving p2_1511139450944.jpg successfull
20.11.2017 00:58:05: name=p2_1511139450944.jpg
20.11.2017 00:58:05: type=application/octet-stream
20.11.2017 00:58:05: tmp_name=/tmp/phpYGPbla
20.11.2017 00:58:05: error=0
20.11.2017 00:58:05: size=42906
======================================
